Using pre-set license
Built from '2022.3/staging' branch; Version is '2022.3.29f1 (8d510ca76d2b) revision 9261324'; Using compiler version '192829333'; Build Type 'Release'
OS: 'Windows 11  (10.0.22631) 64bit Core' Language: 'no' Physical Memory: 16221 MB
BatchMode: 1, IsHumanControllingUs: 0, StartBugReporterOnCrash: 0, Is64bit: 1, IsPro: 1

COMMAND LINE ARGUMENTS:
C:\Program Files\Unity\Hub\Editor\2022.3.29f1\Editor\Unity.exe
-adb2
-batchMode
-noUpm
-name
AssetImportWorker3
-projectPath
C:/Users/Mariu/OneDrive/Desktop/lab/AI-Warship
-logFile
Logs/AssetImportWorker3.log
-srvPort
63033
Successfully changed project path to: C:/Users/Mariu/OneDrive/Desktop/lab/AI-Warship
C:/Users/Mariu/OneDrive/Desktop/lab/AI-Warship
[UnityMemory] Configuration Parameters - Can be set up in boot.config
    "memorysetup-bucket-allocator-granularity=16"
    "memorysetup-bucket-allocator-bucket-count=8"
    "memorysetup-bucket-allocator-block-size=33554432"
    "memorysetup-bucket-allocator-block-count=8"
    "memorysetup-main-allocator-block-size=16777216"
    "memorysetup-thread-allocator-block-size=16777216"
    "memorysetup-gfx-main-allocator-block-size=16777216"
    "memorysetup-gfx-thread-allocator-block-size=16777216"
    "memorysetup-cache-allocator-block-size=4194304"
    "memorysetup-typetree-allocator-block-size=2097152"
    "memorysetup-profiler-bucket-allocator-granularity=16"
    "memorysetup-profiler-bucket-allocator-bucket-count=8"
    "memorysetup-profiler-bucket-allocator-block-size=33554432"
    "memorysetup-profiler-bucket-allocator-block-count=8"
    "memorysetup-profiler-allocator-block-size=16777216"
    "memorysetup-profiler-editor-allocator-block-size=1048576"
    "memorysetup-temp-allocator-size-main=16777216"
    "memorysetup-job-temp-allocator-block-size=2097152"
    "memorysetup-job-temp-allocator-block-size-background=1048576"
    "memorysetup-job-temp-allocator-reduction-small-platforms=262144"
    "memorysetup-allocator-temp-initial-block-size-main=262144"
    "memorysetup-allocator-temp-initial-block-size-worker=262144"
    "memorysetup-temp-allocator-size-background-worker=32768"
    "memorysetup-temp-allocator-size-job-worker=262144"
    "memorysetup-temp-allocator-size-preload-manager=33554432"
    "memorysetup-temp-allocator-size-nav-mesh-worker=65536"
    "memorysetup-temp-allocator-size-audio-worker=65536"
    "memorysetup-temp-allocator-size-cloud-worker=32768"
    "memorysetup-temp-allocator-size-gi-baking-worker=262144"
    "memorysetup-temp-allocator-size-gfx=262144"
Player connection [1328] Host "[IP] 10.0.0.3 [Port] 0 [Flags] 2 [Guid] 493184252 [EditorId] 493184252 [Version] 1048832 [Id] WindowsEditor(7,Marius) [Debug] 1 [PackageName] WindowsEditor [ProjectName] Editor" joined multi-casting on [225.0.0.222:54997]...

Player connection [1328] Host "[IP] 10.0.0.3 [Port] 0 [Flags] 2 [Guid] 493184252 [EditorId] 493184252 [Version] 1048832 [Id] WindowsEditor(7,Marius) [Debug] 1 [PackageName] WindowsEditor [ProjectName] Editor" joined alternative multi-casting on [225.0.0.222:34997]...

[Physics::Module] Initialized MultithreadedJobDispatcher with 15 workers.
Refreshing native plugins compatible for Editor in 17.99 ms, found 2 plugins.
Preloading 0 native plugins for Editor in 0.00 ms.
Initialize engine version: 2022.3.29f1 (8d510ca76d2b)
[Subsystems] Discovering subsystems at path C:/Program Files/Unity/Hub/Editor/2022.3.29f1/Editor/Data/Resources/UnitySubsystems
[Subsystems] Discovering subsystems at path C:/Users/Mariu/OneDrive/Desktop/lab/AI-Warship/Assets
GfxDevice: creating device client; threaded=0; jobified=0
Direct3D:
    Version:  Direct3D 11.0 [level 11.1]
    Renderer: NVIDIA GeForce RTX 3070 (ID=0x2488)
    Vendor:   NVIDIA
    VRAM:     8018 MB
    Driver:   31.0.15.5212
Invalid texture used for cursor - check importer settings or texture creation. Texture must be RGBA32, readable, have alphaIsTransparency enabled and have no mip chain.
Failed to set the cursor because the specified texture ('ButtonAcceleratorOverSprite') was not CPU accessible.
Initialize mono
Mono path[0] = 'C:/Program Files/Unity/Hub/Editor/2022.3.29f1/Editor/Data/Managed'
Mono path[1] = 'C:/Program Files/Unity/Hub/Editor/2022.3.29f1/Editor/Data/MonoBleedingEdge/lib/mono/unityjit-win32'
Mono config path = 'C:/Program Files/Unity/Hub/Editor/2022.3.29f1/Editor/Data/MonoBleedingEdge/etc'
Using monoOptions --debugger-agent=transport=dt_socket,embedding=1,server=y,suspend=n,address=127.0.0.1:56184
Begin MonoManager ReloadAssembly
Registering precompiled unity dll's ...
Register platform support module: C:/Program Files/Unity/Hub/Editor/2022.3.29f1/Editor/Data/PlaybackEngines/WebGLSupport/UnityEditor.WebGL.Extensions.dll
Register platform support module: C:/Program Files/Unity/Hub/Editor/2022.3.29f1/Editor/Data/PlaybackEngines/WindowsStandaloneSupport/UnityEditor.WindowsStandalone.Extensions.dll
Registered in 0.015246 seconds.
- Loaded All Assemblies, in  0.553 seconds
Native extension for WindowsStandalone target not found
Native extension for WebGL target not found
Mono: successfully reloaded assembly
- Finished resetting the current domain, in  0.425 seconds
Domain Reload Profiling: 975ms
	BeginReloadAssembly (170ms)
		ExecutionOrderSort (0ms)
		DisableScriptedObjects (0ms)
		BackupInstance (0ms)
		ReleaseScriptingObjects (0ms)
		CreateAndSetChildDomain (1ms)
	RebuildCommonClasses (58ms)
	RebuildNativeTypeToScriptingClass (17ms)
	initialDomainReloadingComplete (87ms)
	LoadAllAssembliesAndSetupDomain (217ms)
		LoadAssemblies (166ms)
		RebuildTransferFunctionScriptingTraits (0ms)
		AnalyzeDomain (214ms)
			TypeCache.Refresh (212ms)
				TypeCache.ScanAssembly (189ms)
			ScanForSourceGeneratedMonoScriptInfo (1ms)
			ResolveRequiredComponents (1ms)
	FinalizeReload (425ms)
		ReleaseScriptCaches (0ms)
		RebuildScriptCaches (0ms)
		SetupLoadedEditorAssemblies (330ms)
			LogAssemblyErrors (0ms)
			InitializePlatformSupportModulesInManaged (16ms)
			SetLoadedEditorAssemblies (8ms)
			RefreshPlugins (0ms)
			BeforeProcessingInitializeOnLoad (3ms)
			ProcessInitializeOnLoadAttributes (228ms)
			ProcessInitializeOnLoadMethodAttributes (75ms)
			AfterProcessingInitializeOnLoad (0ms)
			EditorAssembliesLoaded (0ms)
		ExecutionOrderSort2 (0ms)
		AwakeInstancesAfterBackupRestoration (0ms)
========================================================================
Worker process is ready to serve import requests
Begin MonoManager ReloadAssembly
Symbol file LoadedFromMemory is not a mono symbol file
- Loaded All Assemblies, in  0.896 seconds
Refreshing native plugins compatible for Editor in 13.58 ms, found 2 plugins.
Native extension for WindowsStandalone target not found
Native extension for WebGL target not found
Package Manager log level set to [2]
[Package Manager] Server::EnsureServerProcessIsRunning -- launch failed, reason: Unity was launched with the -noUpm command-line argument
[Package Manager] UpmClient::Send -- Unable to send message (not connected to UPM process).
[Package Manager] Cannot connect to Unity Package Manager local server
Mono: successfully reloaded assembly
- Finished resetting the current domain, in  1.087 seconds
Domain Reload Profiling: 1978ms
	BeginReloadAssembly (222ms)
		ExecutionOrderSort (0ms)
		DisableScriptedObjects (12ms)
		BackupInstance (0ms)
		ReleaseScriptingObjects (0ms)
		CreateAndSetChildDomain (25ms)
	RebuildCommonClasses (58ms)
	RebuildNativeTypeToScriptingClass (20ms)
	initialDomainReloadingComplete (64ms)
	LoadAllAssembliesAndSetupDomain (526ms)
		LoadAssemblies (468ms)
		RebuildTransferFunctionScriptingTraits (0ms)
		AnalyzeDomain (182ms)
			TypeCache.Refresh (147ms)
				TypeCache.ScanAssembly (123ms)
			ScanForSourceGeneratedMonoScriptInfo (29ms)
			ResolveRequiredComponents (4ms)
	FinalizeReload (1087ms)
		ReleaseScriptCaches (0ms)
		RebuildScriptCaches (0ms)
		SetupLoadedEditorAssemblies (868ms)
			LogAssemblyErrors (0ms)
			InitializePlatformSupportModulesInManaged (14ms)
			SetLoadedEditorAssemblies (7ms)
			RefreshPlugins (0ms)
			BeforeProcessingInitializeOnLoad (90ms)
			ProcessInitializeOnLoadAttributes (510ms)
			ProcessInitializeOnLoadMethodAttributes (234ms)
			AfterProcessingInitializeOnLoad (13ms)
			EditorAssembliesLoaded (0ms)
		ExecutionOrderSort2 (0ms)
		AwakeInstancesAfterBackupRestoration (13ms)
Launched and connected shader compiler UnityShaderCompiler.exe after 0.07 seconds
Refreshing native plugins compatible for Editor in 16.94 ms, found 2 plugins.
Preloading 0 native plugins for Editor in 0.00 ms.
Unloading 2655 Unused Serialized files (Serialized files now loaded: 0)
Unloading 68 unused Assets / (362.0 KB). Loaded Objects now: 3095.
Memory consumption went from 119.3 MB to 119.0 MB.
Total: 8.305800 ms (FindLiveObjects: 0.229000 ms CreateObjectMapping: 0.111000 ms MarkObjects: 7.768500 ms  DeleteObjects: 0.195400 ms)

AssetImportParameters requested are different than current active one (requested -> active):
  custom:video-decoder-webm-vp8: 9c59270c3fd7afecdb556c50c9e8de78 -> 
  custom:SearchIndexIgnoredProperties: e643bd26f0fe6173181afceb89e7c659 -> 
  custom:container-demuxer-ogg: 62fdf1f143b41e24485cea50d1cbac27 -> 
  custom:AudioImporter_EditorPlatform: d09bf68614088b80899f8185d706f6e7 -> 
  custom:video-codec-MediaFoundation-h265: 746d11721c4dcdbdad8f713fa42b33f4 -> 
  custom:video-decoder-ogg-theora: a1e56fd34408186e4bbccfd4996cb3dc -> 
  custom:framework-win-MediaFoundation: 216162199b28c13a410421893ffa2e32 -> 
  custom:video-encoder-webm-vp8: eb34c28f22e8b96e1ab97ce403110664 -> 
  custom:audio-decoder-ogg-vorbis: bf7c407c2cedff20999df2af8eb42d56 -> 
  custom:CustomObjectIndexerAttribute: 9a22284fe3817be447336de3de66b15e -> 
  custom:container-demuxer-webm: 4f35f7cbe854078d1ac9338744f61a02 -> 
  custom:audio-encoder-webm-vorbis: bf7c407c2cedff20999df2af8eb42d56 -> 
  custom:container-muxer-webm: aa71ff27fc2769a1b78a27578f13a17b -> 
========================================================================
Received Import Request.
  Time since last request: 981875.392545 seconds.
  path: Assets/Standard Assets/CrossPlatformInput/Sprites/ButtonBrakeUpSprite.png
  artifactKey: Guid(827c9cd4a3943534f909ac6473e17288) Importer(815301076,1909f56bfc062723c751e8b465ee728b)
Start importing Assets/Standard Assets/CrossPlatformInput/Sprites/ButtonBrakeUpSprite.png using Guid(827c9cd4a3943534f909ac6473e17288) Importer(815301076,1909f56bfc062723c751e8b465ee728b)  -> (artifact id: '5c96f6e0ee2f3e4b4f579bc9bdd2f38e') in 0.153001 seconds
Number of updated asset objects reloaded before import = 0
Number of asset objects unloaded after import = 3
========================================================================
Received Import Request.
  Time since last request: 0.000039 seconds.
  path: Assets/Resources/BillingMode.json
  artifactKey: Guid(0f55aa06b6897274c9198ca9d3b56523) Importer(2089858483,0ecaa5967403d082aa24f35e1b516d23)
Start importing Assets/Resources/BillingMode.json using Guid(0f55aa06b6897274c9198ca9d3b56523) Importer(2089858483,0ecaa5967403d082aa24f35e1b516d23)  -> (artifact id: '12fb900b7667971aef1f397798efaa19') in 0.080740 seconds
Number of updated asset objects reloaded before import = 0
Number of asset objects unloaded after import = 1
========================================================================
Received Import Request.
  Time since last request: 0.000087 seconds.
  path: Assets/PostProcessing/Runtime/PostProcessingBehaviour.cs
  artifactKey: Guid(ff26db721962cdf4a8edcdfa9a767d2a) Importer(2089858483,0ecaa5967403d082aa24f35e1b516d23)
Start importing Assets/PostProcessing/Runtime/PostProcessingBehaviour.cs using Guid(ff26db721962cdf4a8edcdfa9a767d2a) Importer(2089858483,0ecaa5967403d082aa24f35e1b516d23)  -> (artifact id: 'aaa13d122e1fa688542230cf5b4dcd12') in 0.058630 seconds
Number of updated asset objects reloaded before import = 0
Number of asset objects unloaded after import = 1
========================================================================
Received Import Request.
  Time since last request: 0.000124 seconds.
  path: Assets/Standard Assets/CrossPlatformInput/Sprites/ButtonBrakeOverSprite.png
  artifactKey: Guid(5b1a64ea234fb2343b8d0686c51280de) Importer(815301076,1909f56bfc062723c751e8b465ee728b)
Start importing Assets/Standard Assets/CrossPlatformInput/Sprites/ButtonBrakeOverSprite.png using Guid(5b1a64ea234fb2343b8d0686c51280de) Importer(815301076,1909f56bfc062723c751e8b465ee728b)  -> (artifact id: '600589e0b292b3d55ad99198171dbb18') in 0.019246 seconds
Number of updated asset objects reloaded before import = 0
Number of asset objects unloaded after import = 3
========================================================================
Received Import Request.
  Time since last request: 0.000021 seconds.
  path: Assets/PostProcessing/Editor/PostProcessingFactory.cs
  artifactKey: Guid(0dfcadb180d67014cb0a6e18d6b11f90) Importer(2089858483,0ecaa5967403d082aa24f35e1b516d23)
Start importing Assets/PostProcessing/Editor/PostProcessingFactory.cs using Guid(0dfcadb180d67014cb0a6e18d6b11f90) Importer(2089858483,0ecaa5967403d082aa24f35e1b516d23)  -> (artifact id: '1be4293446c844d1f5a89735ccbf8440') in 0.019083 seconds
Number of updated asset objects reloaded before import = 0
Number of asset objects unloaded after import = 1
========================================================================
Received Import Request.
  Time since last request: 0.000038 seconds.
  path: Assets/_Ships/AI Ship/ThrusterPid.cs
  artifactKey: Guid(5a86c4d46a8a41740b520f764ad0f1fb) Importer(2089858483,0ecaa5967403d082aa24f35e1b516d23)
Start importing Assets/_Ships/AI Ship/ThrusterPid.cs using Guid(5a86c4d46a8a41740b520f764ad0f1fb) Importer(2089858483,0ecaa5967403d082aa24f35e1b516d23)  -> (artifact id: '2ccefc9425a62075c9a0c86b57e7720f') in 0.016425 seconds
Number of updated asset objects reloaded before import = 0
Number of asset objects unloaded after import = 1
========================================================================
Received Import Request.
  Time since last request: 0.000071 seconds.
  path: Assets/Standard Assets/CrossPlatformInput/Sprites/ButtonArrowUpSprite.png
  artifactKey: Guid(4db017495c69e8140a56a0e2b669e3f8) Importer(815301076,1909f56bfc062723c751e8b465ee728b)
Start importing Assets/Standard Assets/CrossPlatformInput/Sprites/ButtonArrowUpSprite.png using Guid(4db017495c69e8140a56a0e2b669e3f8) Importer(815301076,1909f56bfc062723c751e8b465ee728b)  -> (artifact id: 'd4afa0d8cb2ddf8d55b907772e987c4a') in 0.020221 seconds
Number of updated asset objects reloaded before import = 0
Number of asset objects unloaded after import = 3
========================================================================
Received Import Request.
  Time since last request: 0.000106 seconds.
  path: Assets/PostProcessing/Resources/Bluenoise64/COPYING.txt
  artifactKey: Guid(fa3fc398fe396744c9299e70b63bfdd7) Importer(2089858483,0ecaa5967403d082aa24f35e1b516d23)
Start importing Assets/PostProcessing/Resources/Bluenoise64/COPYING.txt using Guid(fa3fc398fe396744c9299e70b63bfdd7) Importer(2089858483,0ecaa5967403d082aa24f35e1b516d23)  -> (artifact id: '49bd355505a2595abe3b8a1012033710') in 0.014483 seconds
Number of updated asset objects reloaded before import = 0
Number of asset objects unloaded after import = 1
========================================================================
Received Import Request.
  Time since last request: 0.000098 seconds.
  path: Assets/BulletScript.cs
  artifactKey: Guid(44ece44a396dcf442b507e92ad1a81c5) Importer(2089858483,0ecaa5967403d082aa24f35e1b516d23)
Start importing Assets/BulletScript.cs using Guid(44ece44a396dcf442b507e92ad1a81c5) Importer(2089858483,0ecaa5967403d082aa24f35e1b516d23)  -> (artifact id: 'c874916eea44d1449295ca64fc77d82c') in 0.014252 seconds
Number of updated asset objects reloaded before import = 0
Number of asset objects unloaded after import = 1
========================================================================
Received Import Request.
  Time since last request: 0.000075 seconds.
  path: Assets/PostProcessing/Editor/PostProcessingModelEditor.cs
  artifactKey: Guid(afe296d4ede60a0479734dc8c7df82c2) Importer(2089858483,0ecaa5967403d082aa24f35e1b516d23)
Start importing Assets/PostProcessing/Editor/PostProcessingModelEditor.cs using Guid(afe296d4ede60a0479734dc8c7df82c2) Importer(2089858483,0ecaa5967403d082aa24f35e1b516d23)  -> (artifact id: '761e4a96c3ca14dd08b60017ef0b4ed8') in 0.017254 seconds
Number of updated asset objects reloaded before import = 0
Number of asset objects unloaded after import = 1
========================================================================
Received Import Request.
  Time since last request: 0.000023 seconds.
  path: Assets/_Ships/Weapons/Bullet.mat
  artifactKey: Guid(1700f24baedc4e74aa659b8a1e434b66) Importer(2089858483,0ecaa5967403d082aa24f35e1b516d23)
Start importing Assets/_Ships/Weapons/Bullet.mat using Guid(1700f24baedc4e74aa659b8a1e434b66) Importer(2089858483,0ecaa5967403d082aa24f35e1b516d23)  -> (artifact id: 'bf28ee2a5bda36d565b6c14e3aa3652c') in 0.061068 seconds
Number of updated asset objects reloaded before import = 0
Number of asset objects unloaded after import = 2
========================================================================
Received Import Request.
  Time since last request: 0.000026 seconds.
  path: Assets/PostProcessing/Editor Resources/UI/CurveBackground.shader
  artifactKey: Guid(b1b2bfb2897659e45983f0c3e7dda2c8) Importer(2089858483,0ecaa5967403d082aa24f35e1b516d23)
Start importing Assets/PostProcessing/Editor Resources/UI/CurveBackground.shader using Guid(b1b2bfb2897659e45983f0c3e7dda2c8) Importer(2089858483,0ecaa5967403d082aa24f35e1b516d23)  -> (artifact id: 'f57c3833c15db9845077f990cf921876') in 0.018593 seconds
Number of updated asset objects reloaded before import = 0
Number of asset objects unloaded after import = 1
========================================================================
Received Import Request.
  Time since last request: 0.000071 seconds.
  path: Assets/AngleCalculator.cs
  artifactKey: Guid(6b85e779848ef4d42aadc49971da4438) Importer(2089858483,0ecaa5967403d082aa24f35e1b516d23)
Start importing Assets/AngleCalculator.cs using Guid(6b85e779848ef4d42aadc49971da4438) Importer(2089858483,0ecaa5967403d082aa24f35e1b516d23)  -> (artifact id: '4b421862fc48db612007ab7f62a8ecab') in 0.015290 seconds
Number of updated asset objects reloaded before import = 0
Number of asset objects unloaded after import = 1
========================================================================
Received Import Request.
  Time since last request: 0.000043 seconds.
  path: Assets/PostProcessing/Editor/Models/AntialiasingModelEditor.cs
  artifactKey: Guid(2451939fe695c1a408ba688219837667) Importer(2089858483,0ecaa5967403d082aa24f35e1b516d23)
Start importing Assets/PostProcessing/Editor/Models/AntialiasingModelEditor.cs using Guid(2451939fe695c1a408ba688219837667) Importer(2089858483,0ecaa5967403d082aa24f35e1b516d23)  -> (artifact id: '7005f489ef4044415655387292b3fc3b') in 0.015301 seconds
Number of updated asset objects reloaded before import = 0
Number of asset objects unloaded after import = 1
========================================================================
Received Import Request.
  Time since last request: 0.000072 seconds.
  path: Assets/ADG_Textures/Foam Textures/foam3/foam3_Diffuse.tif
  artifactKey: Guid(1847c427ebed2b7469dd22667fe6e4e0) Importer(2089858483,0ecaa5967403d082aa24f35e1b516d23)
Start importing Assets/ADG_Textures/Foam Textures/foam3/foam3_Diffuse.tif using Guid(1847c427ebed2b7469dd22667fe6e4e0) Importer(2089858483,0ecaa5967403d082aa24f35e1b516d23)  -> (artifact id: '2c2161a933528013da34011104ab2c84') in 0.078158 seconds
Number of updated asset objects reloaded before import = 0
Number of asset objects unloaded after import = 1
========================================================================
Received Import Request.
  Time since last request: 0.000028 seconds.
  path: Assets/PostProcessing/Resources/Bluenoise64/LDR_LLL1_10.png
  artifactKey: Guid(afe1e502240079342a0a980484b6da8b) Importer(2089858483,0ecaa5967403d082aa24f35e1b516d23)
Start importing Assets/PostProcessing/Resources/Bluenoise64/LDR_LLL1_10.png using Guid(afe1e502240079342a0a980484b6da8b) Importer(2089858483,0ecaa5967403d082aa24f35e1b516d23)  -> (artifact id: '8f39e40f9e5e34017764e626c291a33e') in 0.026876 seconds
Number of updated asset objects reloaded before import = 0
Number of asset objects unloaded after import = 1
========================================================================
Received Import Request.
  Time since last request: 0.000031 seconds.
  path: Assets/ADG_Textures/Foam Textures/foam3/foam3_Height.tga
  artifactKey: Guid(5fbcffe9c2077f04186883cb39275fcc) Importer(2089858483,0ecaa5967403d082aa24f35e1b516d23)
Start importing Assets/ADG_Textures/Foam Textures/foam3/foam3_Height.tga using Guid(5fbcffe9c2077f04186883cb39275fcc) Importer(2089858483,0ecaa5967403d082aa24f35e1b516d23)  -> (artifact id: '41dceacf1944d31416c59095b0175f0f') in 0.026548 seconds
Number of updated asset objects reloaded before import = 0
Number of asset objects unloaded after import = 1
========================================================================
Received Import Request.
  Time since last request: 0.000203 seconds.
  path: Assets/Standard Assets/CrossPlatformInput/Sprites/ButtonArrowOverSprite.png
  artifactKey: Guid(49b611e658efbf443b686a4036f74fe3) Importer(815301076,1909f56bfc062723c751e8b465ee728b)
Start importing Assets/Standard Assets/CrossPlatformInput/Sprites/ButtonArrowOverSprite.png using Guid(49b611e658efbf443b686a4036f74fe3) Importer(815301076,1909f56bfc062723c751e8b465ee728b)  -> (artifact id: 'f71da8e0f009c285f89b4685679c004e') in 0.022874 seconds
Number of updated asset objects reloaded before import = 0
Number of asset objects unloaded after import = 3
========================================================================
Received Import Request.
  Time since last request: 0.000068 seconds.
  path: Assets/PostProcessing/Resources/Bluenoise64/LDR_LLL1_11.png
  artifactKey: Guid(771903fe7b4674445829e52e91cff019) Importer(2089858483,0ecaa5967403d082aa24f35e1b516d23)
Start importing Assets/PostProcessing/Resources/Bluenoise64/LDR_LLL1_11.png using Guid(771903fe7b4674445829e52e91cff019) Importer(2089858483,0ecaa5967403d082aa24f35e1b516d23)  -> (artifact id: 'bdd766f75779b874e723b5ed3776304c') in 0.025778 seconds
Number of updated asset objects reloaded before import = 0
Number of asset objects unloaded after import = 1
========================================================================
Received Import Request.
  Time since last request: 0.000076 seconds.
  path: Assets/PostProcessing/Editor/Models/DefaultPostFxModelEditor.cs
  artifactKey: Guid(c15016a7fef58974f91a6a4d6b132d94) Importer(2089858483,0ecaa5967403d082aa24f35e1b516d23)
Start importing Assets/PostProcessing/Editor/Models/DefaultPostFxModelEditor.cs using Guid(c15016a7fef58974f91a6a4d6b132d94) Importer(2089858483,0ecaa5967403d082aa24f35e1b516d23)  -> (artifact id: '5820dd951d57d151407c2ecabdbab578') in 0.012982 seconds
Number of updated asset objects reloaded before import = 0
Number of asset objects unloaded after import = 1
========================================================================
Received Import Request.
  Time since last request: 0.000169 seconds.
  path: Assets/PostProcessing/Editor/Models/ChromaticAberrationEditor.cs
  artifactKey: Guid(8a713f71a0169794a915a081f6242f60) Importer(2089858483,0ecaa5967403d082aa24f35e1b516d23)
Start importing Assets/PostProcessing/Editor/Models/ChromaticAberrationEditor.cs using Guid(8a713f71a0169794a915a081f6242f60) Importer(2089858483,0ecaa5967403d082aa24f35e1b516d23)  -> (artifact id: '4c91e3ea49a51d07cf3011b94445ff89') in 0.012573 seconds
Number of updated asset objects reloaded before import = 0
Number of asset objects unloaded after import = 1
========================================================================
Received Import Request.
  Time since last request: 0.000073 seconds.
  path: Assets/WeaponShooter.cs
  artifactKey: Guid(6dd57cbbd81d90b4a983979cfe1a9a9c) Importer(2089858483,0ecaa5967403d082aa24f35e1b516d23)
Start importing Assets/WeaponShooter.cs using Guid(6dd57cbbd81d90b4a983979cfe1a9a9c) Importer(2089858483,0ecaa5967403d082aa24f35e1b516d23)  -> (artifact id: '59ada04383a11ddd0b5a24f9726459b9') in 0.015985 seconds
Number of updated asset objects reloaded before import = 0
Number of asset objects unloaded after import = 1
========================================================================
Received Import Request.
  Time since last request: 0.000183 seconds.
  path: Assets/PostProcessing/Editor Resources/Monitors/WaveformRender.shader
  artifactKey: Guid(8b3e43c50424ab2428a9c172843bc66d) Importer(2089858483,0ecaa5967403d082aa24f35e1b516d23)
Start importing Assets/PostProcessing/Editor Resources/Monitors/WaveformRender.shader using Guid(8b3e43c50424ab2428a9c172843bc66d) Importer(2089858483,0ecaa5967403d082aa24f35e1b516d23)  -> (artifact id: '2f3d3193360ac30c3e3f07b54881fb79') in 0.013212 seconds
Number of updated asset objects reloaded before import = 0
Number of asset objects unloaded after import = 1
========================================================================
Received Import Request.
  Time since last request: 0.000165 seconds.
  path: Assets/PostProcessing/Editor/Models/VignetteModelEditor.cs
  artifactKey: Guid(745ad42620dabf04b94761acc86189ba) Importer(2089858483,0ecaa5967403d082aa24f35e1b516d23)
Start importing Assets/PostProcessing/Editor/Models/VignetteModelEditor.cs using Guid(745ad42620dabf04b94761acc86189ba) Importer(2089858483,0ecaa5967403d082aa24f35e1b516d23)  -> (artifact id: '1c6e07448ffe856d7c56978a18f13d00') in 0.013069 seconds
Number of updated asset objects reloaded before import = 0
Number of asset objects unloaded after import = 1
========================================================================
Received Import Request.
  Time since last request: 0.000063 seconds.
  path: Assets/PostProcessing/Editor Resources/Monitors/HistogramCompute.compute
  artifactKey: Guid(51b7e4b4448c98f4a849081110fd6212) Importer(2089858483,0ecaa5967403d082aa24f35e1b516d23)
Start importing Assets/PostProcessing/Editor Resources/Monitors/HistogramCompute.compute using Guid(51b7e4b4448c98f4a849081110fd6212) Importer(2089858483,0ecaa5967403d082aa24f35e1b516d23)  -> (artifact id: '7c8b8879c4d054d3735de736faca1496') in 0.012629 seconds
Number of updated asset objects reloaded before import = 0
Number of asset objects unloaded after import = 1
========================================================================
Received Import Request.
  Time since last request: 0.000163 seconds.
  path: Assets/PostProcessing/Editor/Utils/EditorGUIHelper.cs
  artifactKey: Guid(7226e17fa48c86148a3d15584e21b4cb) Importer(2089858483,0ecaa5967403d082aa24f35e1b516d23)
Start importing Assets/PostProcessing/Editor/Utils/EditorGUIHelper.cs using Guid(7226e17fa48c86148a3d15584e21b4cb) Importer(2089858483,0ecaa5967403d082aa24f35e1b516d23)  -> (artifact id: 'd9470a9c6d8296e16db47f36f8e062f5') in 0.012140 seconds
Number of updated asset objects reloaded before import = 0
Number of asset objects unloaded after import = 1
========================================================================
Received Import Request.
  Time since last request: 0.000182 seconds.
  path: Assets/_Ships/AI Ship/Patrol Point.prefab
  artifactKey: Guid(80a279051c30d4d4084f178a43a6d29e) Importer(2089858483,0ecaa5967403d082aa24f35e1b516d23)
Start importing Assets/_Ships/AI Ship/Patrol Point.prefab using Guid(80a279051c30d4d4084f178a43a6d29e) Importer(2089858483,0ecaa5967403d082aa24f35e1b516d23)  -> (artifact id: '064e074489c6b221206d5e2d01d34311') in 0.022379 seconds
Number of updated asset objects reloaded before import = 0
Number of asset objects unloaded after import = 4
========================================================================
Received Import Request.
  Time since last request: 0.000095 seconds.
  path: Assets/_Scenes/Main.unity
  artifactKey: Guid(99146203594090b4ba1d787dabd0e3b8) Importer(2089858483,0ecaa5967403d082aa24f35e1b516d23)
Start importing Assets/_Scenes/Main.unity using Guid(99146203594090b4ba1d787dabd0e3b8) Importer(2089858483,0ecaa5967403d082aa24f35e1b516d23)  -> (artifact id: '7ee2769f4d2c1b0644f9af21980778f7') in 0.014778 seconds
Number of updated asset objects reloaded before import = 0
Number of asset objects unloaded after import = 1
========================================================================
Received Import Request.
  Time since last request: 0.000030 seconds.
  path: Assets/PostProcessing/Resources/Bluenoise64/LDR_LLL1_0.png
  artifactKey: Guid(50b54341495978843a6f85583ed4417d) Importer(2089858483,0ecaa5967403d082aa24f35e1b516d23)
Start importing Assets/PostProcessing/Resources/Bluenoise64/LDR_LLL1_0.png using Guid(50b54341495978843a6f85583ed4417d) Importer(2089858483,0ecaa5967403d082aa24f35e1b516d23)  -> (artifact id: '1be5e1f2015b7e0daa779ae0a0385a8a') in 0.028792 seconds
Number of updated asset objects reloaded before import = 0
Number of asset objects unloaded after import = 1
========================================================================
Received Import Request.
  Time since last request: 0.000120 seconds.
  path: Assets/ADG_Textures/Foam Textures/foam1/back-foam_Opacity.tga
  artifactKey: Guid(028e5356189a3ba42972bca8f2731bd4) Importer(2089858483,0ecaa5967403d082aa24f35e1b516d23)
Start importing Assets/ADG_Textures/Foam Textures/foam1/back-foam_Opacity.tga using Guid(028e5356189a3ba42972bca8f2731bd4) Importer(2089858483,0ecaa5967403d082aa24f35e1b516d23)  -> (artifact id: '1f2ac6e0e908c2ff3b5be8464cc8ce2f') in 0.030031 seconds
Number of updated asset objects reloaded before import = 0
Number of asset objects unloaded after import = 1
========================================================================
Received Import Request.
  Time since last request: 0.000044 seconds.
  path: Assets/PostProcessing/Resources/Bluenoise64/LDR_LLL1_47.png
  artifactKey: Guid(1378a33cdd085d64c9da863d2484ff21) Importer(2089858483,0ecaa5967403d082aa24f35e1b516d23)
Start importing Assets/PostProcessing/Resources/Bluenoise64/LDR_LLL1_47.png using Guid(1378a33cdd085d64c9da863d2484ff21) Importer(2089858483,0ecaa5967403d082aa24f35e1b516d23)  -> (artifact id: '6ea1f21bed9910e1e1b539a30297580b') in 0.029623 seconds
Number of updated asset objects reloaded before import = 0
Number of asset objects unloaded after import = 1
========================================================================
Received Import Request.
  Time since last request: 0.000026 seconds.
  path: Assets/PostProcessing/Resources/Bluenoise64/LDR_LLL1_34.png
  artifactKey: Guid(319b8e66db3faa4438cf6982e9c89b2f) Importer(2089858483,0ecaa5967403d082aa24f35e1b516d23)
Start importing Assets/PostProcessing/Resources/Bluenoise64/LDR_LLL1_34.png using Guid(319b8e66db3faa4438cf6982e9c89b2f) Importer(2089858483,0ecaa5967403d082aa24f35e1b516d23)  -> (artifact id: '4e771ef98e4c64a950e4d9d746ef1ec8') in 0.039130 seconds
Number of updated asset objects reloaded before import = 0
Number of asset objects unloaded after import = 1
========================================================================
Received Import Request.
  Time since last request: 0.000641 seconds.
  path: Assets/PostProcessing/Resources/Bluenoise64/LDR_LLL1_22.png
  artifactKey: Guid(df01d03f056c6f445b4b8a0ae054207c) Importer(2089858483,0ecaa5967403d082aa24f35e1b516d23)
Start importing Assets/PostProcessing/Resources/Bluenoise64/LDR_LLL1_22.png using Guid(df01d03f056c6f445b4b8a0ae054207c) Importer(2089858483,0ecaa5967403d082aa24f35e1b516d23)  -> (artifact id: 'fd3d1d84f342f14b455dbd72e7d8f138') in 0.026146 seconds
Number of updated asset objects reloaded before import = 0
Number of asset objects unloaded after import = 1
========================================================================
Received Import Request.
  Time since last request: 0.000071 seconds.
  path: Assets/PostProcessing/Resources/Bluenoise64/LDR_LLL1_21.png
  artifactKey: Guid(b7f000750830ddb4bbc80065b9314ce9) Importer(2089858483,0ecaa5967403d082aa24f35e1b516d23)
Start importing Assets/PostProcessing/Resources/Bluenoise64/LDR_LLL1_21.png using Guid(b7f000750830ddb4bbc80065b9314ce9) Importer(2089858483,0ecaa5967403d082aa24f35e1b516d23)  -> (artifact id: '5066f1af1e66c3795059d0eb029cbe6b') in 0.028988 seconds
Number of updated asset objects reloaded before import = 0
Number of asset objects unloaded after import = 1
========================================================================
Received Import Request.
  Time since last request: 0.000073 seconds.
  path: Assets/PostProcessing/Resources/Bluenoise64/LDR_LLL1_57.png
  artifactKey: Guid(e138166e7a7c70f49943be7edda35d35) Importer(2089858483,0ecaa5967403d082aa24f35e1b516d23)
Start importing Assets/PostProcessing/Resources/Bluenoise64/LDR_LLL1_57.png using Guid(e138166e7a7c70f49943be7edda35d35) Importer(2089858483,0ecaa5967403d082aa24f35e1b516d23)  -> (artifact id: '65d7cc28ef97e625cdc1f1f3085d8acc') in 0.029509 seconds
Number of updated asset objects reloaded before import = 0
Number of asset objects unloaded after import = 1
========================================================================
Received Import Request.
  Time since last request: 0.000028 seconds.
  path: Assets/PostProcessing/Resources/Bluenoise64/LDR_LLL1_26.png
  artifactKey: Guid(09f6c01f98a3ded4daf1afc52a3c260f) Importer(2089858483,0ecaa5967403d082aa24f35e1b516d23)
Start importing Assets/PostProcessing/Resources/Bluenoise64/LDR_LLL1_26.png using Guid(09f6c01f98a3ded4daf1afc52a3c260f) Importer(2089858483,0ecaa5967403d082aa24f35e1b516d23)  -> (artifact id: 'd895c0455219b2b389a13df7b50d443b') in 0.028627 seconds
Number of updated asset objects reloaded before import = 0
Number of asset objects unloaded after import = 1
========================================================================
Received Import Request.
  Time since last request: 0.000027 seconds.
  path: Assets/PostProcessing/Resources/Bluenoise64/LDR_LLL1_24.png
  artifactKey: Guid(32c6a5f7143b86c44bd5cdee2ff3f8ad) Importer(2089858483,0ecaa5967403d082aa24f35e1b516d23)
Start importing Assets/PostProcessing/Resources/Bluenoise64/LDR_LLL1_24.png using Guid(32c6a5f7143b86c44bd5cdee2ff3f8ad) Importer(2089858483,0ecaa5967403d082aa24f35e1b516d23)  -> (artifact id: 'ca2830e60196009517d75c1f5ff83d91') in 0.030890 seconds
Number of updated asset objects reloaded before import = 0
Number of asset objects unloaded after import = 1
========================================================================
Received Import Request.
  Time since last request: 0.000031 seconds.
  path: Assets/PostProcessing/Resources/Bluenoise64/LDR_LLL1_54.png
  artifactKey: Guid(936dea238abb0864ab3985a995e16a29) Importer(2089858483,0ecaa5967403d082aa24f35e1b516d23)
Start importing Assets/PostProcessing/Resources/Bluenoise64/LDR_LLL1_54.png using Guid(936dea238abb0864ab3985a995e16a29) Importer(2089858483,0ecaa5967403d082aa24f35e1b516d23)  -> (artifact id: '91ed5f72810e9721d6fe4fc28a417c93') in 0.034272 seconds
Number of updated asset objects reloaded before import = 0
Number of asset objects unloaded after import = 1
========================================================================
Received Import Request.
  Time since last request: 0.000034 seconds.
  path: Assets/PostProcessing/Resources/Bluenoise64/LDR_LLL1_16.png
  artifactKey: Guid(153f7d6dfbe713d4884df0f1e243ba92) Importer(2089858483,0ecaa5967403d082aa24f35e1b516d23)
Start importing Assets/PostProcessing/Resources/Bluenoise64/LDR_LLL1_16.png using Guid(153f7d6dfbe713d4884df0f1e243ba92) Importer(2089858483,0ecaa5967403d082aa24f35e1b516d23)  -> (artifact id: '6c875160035bdc6ebde24b75af994193') in 0.031802 seconds
Number of updated asset objects reloaded before import = 0
Number of asset objects unloaded after import = 1
========================================================================
Received Import Request.
  Time since last request: 0.000085 seconds.
  path: Assets/PostProcessing/Resources/Bluenoise64/LDR_LLL1_25.png
  artifactKey: Guid(f4b8ab78b57749d4e96d36f6d8a395d0) Importer(2089858483,0ecaa5967403d082aa24f35e1b516d23)
Start importing Assets/PostProcessing/Resources/Bluenoise64/LDR_LLL1_25.png using Guid(f4b8ab78b57749d4e96d36f6d8a395d0) Importer(2089858483,0ecaa5967403d082aa24f35e1b516d23)  -> (artifact id: 'aa269016fc3750d95a5dab4cd7cfab7a') in 0.022741 seconds
Number of updated asset objects reloaded before import = 0
Number of asset objects unloaded after import = 1
========================================================================
Received Import Request.
  Time since last request: 0.000024 seconds.
  path: Assets/PostProcessing/Resources/Bluenoise64/LDR_LLL1_2.png
  artifactKey: Guid(a469f920b21fc7c4fb5b950917ce2fb2) Importer(2089858483,0ecaa5967403d082aa24f35e1b516d23)
Start importing Assets/PostProcessing/Resources/Bluenoise64/LDR_LLL1_2.png using Guid(a469f920b21fc7c4fb5b950917ce2fb2) Importer(2089858483,0ecaa5967403d082aa24f35e1b516d23)  -> (artifact id: 'e40429d486284e4c2cc2af0ad6e573dd') in 0.032711 seconds
Number of updated asset objects reloaded before import = 0
Number of asset objects unloaded after import = 1
========================================================================
Received Import Request.
  Time since last request: 0.000083 seconds.
  path: Assets/PostProcessing/Resources/Bluenoise64/LDR_LLL1_62.png
  artifactKey: Guid(a03c400b0e3959f428ee99dfc6cfc263) Importer(2089858483,0ecaa5967403d082aa24f35e1b516d23)
Start importing Assets/PostProcessing/Resources/Bluenoise64/LDR_LLL1_62.png using Guid(a03c400b0e3959f428ee99dfc6cfc263) Importer(2089858483,0ecaa5967403d082aa24f35e1b516d23)  -> (artifact id: '8deda7e8077514c6ab5b83b22dd2c995') in 0.027165 seconds
Number of updated asset objects reloaded before import = 0
Number of asset objects unloaded after import = 1
========================================================================
Received Import Request.
  Time since last request: 0.000077 seconds.
  path: Assets/_Service Station/Service Station.prefab
  artifactKey: Guid(a0572783257a4864a9d1aad4fe2e22c5) Importer(2089858483,0ecaa5967403d082aa24f35e1b516d23)
Start importing Assets/_Service Station/Service Station.prefab using Guid(a0572783257a4864a9d1aad4fe2e22c5) Importer(2089858483,0ecaa5967403d082aa24f35e1b516d23)  -> (artifact id: '56a98bc2e6cc3d684cbf471bc746771d') in 0.035224 seconds
Number of updated asset objects reloaded before import = 0
Number of asset objects unloaded after import = 10
========================================================================
Received Import Request.
  Time since last request: 0.000024 seconds.
  path: Assets/ADG_Textures/Foam Textures/foam1/back-foam_Normal.tga
  artifactKey: Guid(b54cee612a0de124dbb6e29cd81a233d) Importer(2089858483,0ecaa5967403d082aa24f35e1b516d23)
Start importing Assets/ADG_Textures/Foam Textures/foam1/back-foam_Normal.tga using Guid(b54cee612a0de124dbb6e29cd81a233d) Importer(2089858483,0ecaa5967403d082aa24f35e1b516d23)  -> (artifact id: '94bc552ad21dce98e494d1e95986520e') in 0.032833 seconds
Number of updated asset objects reloaded before import = 0
Number of asset objects unloaded after import = 1
========================================================================
Received Import Request.
  Time since last request: 0.000071 seconds.
  path: Assets/PostProcessing/Editor/Models/BuiltinDebugViewsEditor.cs
  artifactKey: Guid(760ffebbef2ed644c87940a699eb7fe6) Importer(2089858483,0ecaa5967403d082aa24f35e1b516d23)
Start importing Assets/PostProcessing/Editor/Models/BuiltinDebugViewsEditor.cs using Guid(760ffebbef2ed644c87940a699eb7fe6) Importer(2089858483,0ecaa5967403d082aa24f35e1b516d23)  -> (artifact id: '6f554115d563013105116c24471b3a62') in 0.015336 seconds
Number of updated asset objects reloaded before import = 0
Number of asset objects unloaded after import = 1
========================================================================
Received Import Request.
  Time since last request: 0.000112 seconds.
  path: Assets/PostProcessing/Editor Resources/Monitors/WaveformCompute.compute
  artifactKey: Guid(9d9b886f7a8fe7b4baf56624c42e3420) Importer(2089858483,0ecaa5967403d082aa24f35e1b516d23)
Start importing Assets/PostProcessing/Editor Resources/Monitors/WaveformCompute.compute using Guid(9d9b886f7a8fe7b4baf56624c42e3420) Importer(2089858483,0ecaa5967403d082aa24f35e1b516d23)  -> (artifact id: '1a34a36a956f4a27a776934a7b8e6206') in 0.013364 seconds
Number of updated asset objects reloaded before import = 0
Number of asset objects unloaded after import = 1
========================================================================
Received Import Request.
  Time since last request: 0.000022 seconds.
  path: Assets/Standard Assets/CrossPlatformInput/Sprites/ButtonAcceleratorOverSprite.png
  artifactKey: Guid(eb5f6e2757c821940b69cf1456f7865a) Importer(815301076,1909f56bfc062723c751e8b465ee728b)
Start importing Assets/Standard Assets/CrossPlatformInput/Sprites/ButtonAcceleratorOverSprite.png using Guid(eb5f6e2757c821940b69cf1456f7865a) Importer(815301076,1909f56bfc062723c751e8b465ee728b)  -> (artifact id: '4c6bfcdbf5498d3c4fb09db554d6034c') in 0.020568 seconds
Number of updated asset objects reloaded before import = 0
Number of asset objects unloaded after import = 2
========================================================================
Received Import Request.
  Time since last request: 0.000025 seconds.
  path: Assets/PostProcessing/Resources/Bluenoise64/LDR_LLL1_38.png
  artifactKey: Guid(9660a4ca1ca8425408ac25c641932977) Importer(2089858483,0ecaa5967403d082aa24f35e1b516d23)
Start importing Assets/PostProcessing/Resources/Bluenoise64/LDR_LLL1_38.png using Guid(9660a4ca1ca8425408ac25c641932977) Importer(2089858483,0ecaa5967403d082aa24f35e1b516d23)  -> (artifact id: 'cf1db6eaad3e4047fe5fd364a792a0ed') in 0.025488 seconds
Number of updated asset objects reloaded before import = 0
Number of asset objects unloaded after import = 1
========================================================================
Received Import Request.
  Time since last request: 0.000025 seconds.
  path: Assets/PostProcessing/Runtime/Components/DepthOfFieldComponent.cs
  artifactKey: Guid(d862c8701bf34c342b95cf9058d0b70c) Importer(2089858483,0ecaa5967403d082aa24f35e1b516d23)
Start importing Assets/PostProcessing/Runtime/Components/DepthOfFieldComponent.cs using Guid(d862c8701bf34c342b95cf9058d0b70c) Importer(2089858483,0ecaa5967403d082aa24f35e1b516d23)  -> (artifact id: 'dd5cd06b6e29384918564992fbe6de87') in 0.015060 seconds
Number of updated asset objects reloaded before import = 0
Number of asset objects unloaded after import = 1
========================================================================
Received Import Request.
  Time since last request: 0.000070 seconds.
  path: Assets/PostProcessing/Runtime/Attributes/TrackballGroupAttribute.cs
  artifactKey: Guid(aa62a51ebe4821e4b89a64d267b30a27) Importer(2089858483,0ecaa5967403d082aa24f35e1b516d23)
Start importing Assets/PostProcessing/Runtime/Attributes/TrackballGroupAttribute.cs using Guid(aa62a51ebe4821e4b89a64d267b30a27) Importer(2089858483,0ecaa5967403d082aa24f35e1b516d23)  -> (artifact id: '27c2d3b185fa179ae275c701bbae10c6') in 0.016834 seconds
Number of updated asset objects reloaded before import = 0
Number of asset objects unloaded after import = 1
========================================================================
Received Import Request.
  Time since last request: 0.000105 seconds.
  path: Assets/PostProcessing/Runtime/Components/DitheringComponent.cs
  artifactKey: Guid(35ceb4b3cfab56d43a3f0efeb9d68c43) Importer(2089858483,0ecaa5967403d082aa24f35e1b516d23)
Start importing Assets/PostProcessing/Runtime/Components/DitheringComponent.cs using Guid(35ceb4b3cfab56d43a3f0efeb9d68c43) Importer(2089858483,0ecaa5967403d082aa24f35e1b516d23)  -> (artifact id: '1e7e1925253738d07fe35bccef88e2aa') in 0.012982 seconds
Number of updated asset objects reloaded before import = 0
Number of asset objects unloaded after import = 1
========================================================================
Received Import Request.
  Time since last request: 0.000023 seconds.
  path: Assets/PostProcessing/Runtime/Components/ScreenSpaceReflectionComponent.cs
  artifactKey: Guid(dd75f795d6a798f44a7801082f6a703f) Importer(2089858483,0ecaa5967403d082aa24f35e1b516d23)
Start importing Assets/PostProcessing/Runtime/Components/ScreenSpaceReflectionComponent.cs using Guid(dd75f795d6a798f44a7801082f6a703f) Importer(2089858483,0ecaa5967403d082aa24f35e1b516d23)  -> (artifact id: '2b6413cc17b7f5ca6d29e6daae761e10') in 0.016508 seconds
Number of updated asset objects reloaded before import = 0
Number of asset objects unloaded after import = 1
========================================================================
Received Import Request.
  Time since last request: 0.000023 seconds.
  path: Assets/PostProcessing/Resources/Shaders/Fog.shader
  artifactKey: Guid(2a72fc91cbae3cc4686a6143e8517993) Importer(2089858483,0ecaa5967403d082aa24f35e1b516d23)
Start importing Assets/PostProcessing/Resources/Shaders/Fog.shader using Guid(2a72fc91cbae3cc4686a6143e8517993) Importer(2089858483,0ecaa5967403d082aa24f35e1b516d23)  -> (artifact id: '32f71a6fcd499b8f240842b34458e5ba') in 0.017460 seconds
Number of updated asset objects reloaded before import = 0
Number of asset objects unloaded after import = 1
========================================================================
Received Import Request.
  Time since last request: 0.000020 seconds.
  path: Assets/PostProcessing/Runtime/Components/FogComponent.cs
  artifactKey: Guid(d0363c1cc7de62b4989190994103f5e2) Importer(2089858483,0ecaa5967403d082aa24f35e1b516d23)
Start importing Assets/PostProcessing/Runtime/Components/FogComponent.cs using Guid(d0363c1cc7de62b4989190994103f5e2) Importer(2089858483,0ecaa5967403d082aa24f35e1b516d23)  -> (artifact id: '6aa80813334e18d094c8b0765087193c') in 0.014533 seconds
Number of updated asset objects reloaded before import = 0
Number of asset objects unloaded after import = 1
========================================================================
Received Import Request.
  Time since last request: 0.000022 seconds.
  path: Assets/PostProcessing/Runtime/Components/ChromaticAberrationComponent.cs
  artifactKey: Guid(b9c65642df654a84d84ded1b07448a4c) Importer(2089858483,0ecaa5967403d082aa24f35e1b516d23)
Start importing Assets/PostProcessing/Runtime/Components/ChromaticAberrationComponent.cs using Guid(b9c65642df654a84d84ded1b07448a4c) Importer(2089858483,0ecaa5967403d082aa24f35e1b516d23)  -> (artifact id: '8e109d5d717a9ef91af659e04ad03862') in 0.012591 seconds
Number of updated asset objects reloaded before import = 0
Number of asset objects unloaded after import = 1
========================================================================
Received Import Request.
  Time since last request: 0.000046 seconds.
  path: Assets/PostProcessing/Resources/Shaders/ColorGrading.cginc
  artifactKey: Guid(26a62c2e30be83547bdfa9fe837165e3) Importer(2089858483,0ecaa5967403d082aa24f35e1b516d23)
Start importing Assets/PostProcessing/Resources/Shaders/ColorGrading.cginc using Guid(26a62c2e30be83547bdfa9fe837165e3) Importer(2089858483,0ecaa5967403d082aa24f35e1b516d23)  -> (artifact id: 'ae37f14ef4c932e78560c8f21d12e431') in 0.015001 seconds
Number of updated asset objects reloaded before import = 0
Number of asset objects unloaded after import = 1
========================================================================
Received Import Request.
  Time since last request: 0.000089 seconds.
  path: Assets/PostProcessing/Resources/Shaders/AmbientOcclusion.cginc
  artifactKey: Guid(447591ee3d9d4204899be5fe25968ea0) Importer(2089858483,0ecaa5967403d082aa24f35e1b516d23)
Start importing Assets/PostProcessing/Resources/Shaders/AmbientOcclusion.cginc using Guid(447591ee3d9d4204899be5fe25968ea0) Importer(2089858483,0ecaa5967403d082aa24f35e1b516d23)  -> (artifact id: '8631ce8a5c1ab77f8a8d754211855580') in 0.013635 seconds
Number of updated asset objects reloaded before import = 0
Number of asset objects unloaded after import = 1
========================================================================
Received Import Request.
  Time since last request: 0.000024 seconds.
  path: Assets/PostProcessing/Resources/Shaders/FXAA.shader
  artifactKey: Guid(291f0d5b6045f4646847c59b4ce13ac5) Importer(2089858483,0ecaa5967403d082aa24f35e1b516d23)
Start importing Assets/PostProcessing/Resources/Shaders/FXAA.shader using Guid(291f0d5b6045f4646847c59b4ce13ac5) Importer(2089858483,0ecaa5967403d082aa24f35e1b516d23)  -> (artifact id: 'd0e461b65ad68b89f64315b49e3f5af5') in 0.015034 seconds
Number of updated asset objects reloaded before import = 0
Number of asset objects unloaded after import = 1
========================================================================
Received Import Request.
  Time since last request: 0.000080 seconds.
  path: Assets/PostProcessing/Runtime/Attributes/TrackballAttribute.cs
  artifactKey: Guid(65e30143f4e114f45b84a1d9cba8f469) Importer(2089858483,0ecaa5967403d082aa24f35e1b516d23)
Start importing Assets/PostProcessing/Runtime/Attributes/TrackballAttribute.cs using Guid(65e30143f4e114f45b84a1d9cba8f469) Importer(2089858483,0ecaa5967403d082aa24f35e1b516d23)  -> (artifact id: '0f86d141da9a66f855b521d70774f074') in 0.015341 seconds
Number of updated asset objects reloaded before import = 0
Number of asset objects unloaded after import = 1
========================================================================
Received Import Request.
  Time since last request: 0.000057 seconds.
  path: Assets/PostProcessing/Runtime/Components/ColorGradingComponent.cs
  artifactKey: Guid(9baf73db7c9fc1b478f4a0a1000c86f5) Importer(2089858483,0ecaa5967403d082aa24f35e1b516d23)
Start importing Assets/PostProcessing/Runtime/Components/ColorGradingComponent.cs using Guid(9baf73db7c9fc1b478f4a0a1000c86f5) Importer(2089858483,0ecaa5967403d082aa24f35e1b516d23)  -> (artifact id: '0c8e9dd68dbaac05e78cd0b5dfccb73d') in 0.014286 seconds
Number of updated asset objects reloaded before import = 0
Number of asset objects unloaded after import = 1
========================================================================
Received Import Request.
  Time since last request: 0.000026 seconds.
  path: Assets/_Ships/AI Ship/RotationPid.cs
  artifactKey: Guid(8c073973cff6c5f4881e917613809be4) Importer(2089858483,0ecaa5967403d082aa24f35e1b516d23)
Start importing Assets/_Ships/AI Ship/RotationPid.cs using Guid(8c073973cff6c5f4881e917613809be4) Importer(2089858483,0ecaa5967403d082aa24f35e1b516d23)  -> (artifact id: 'a353d688d41911310f34cef413388f85') in 0.015529 seconds
Number of updated asset objects reloaded before import = 0
Number of asset objects unloaded after import = 1
========================================================================
Received Import Request.
  Time since last request: 0.000210 seconds.
  path: Assets/PostProcessing/Runtime/PostProcessingContext.cs
  artifactKey: Guid(63da4b6536f11834fa026e327087bd7b) Importer(2089858483,0ecaa5967403d082aa24f35e1b516d23)
Start importing Assets/PostProcessing/Runtime/PostProcessingContext.cs using Guid(63da4b6536f11834fa026e327087bd7b) Importer(2089858483,0ecaa5967403d082aa24f35e1b516d23)  -> (artifact id: '940de25aebd7617cb7047201ea529c75') in 0.016301 seconds
Number of updated asset objects reloaded before import = 0
Number of asset objects unloaded after import = 1
========================================================================
Received Import Request.
  Time since last request: 0.000042 seconds.
  path: Assets/PostProcessing/Resources/Bluenoise64/LDR_LLL1_28.png
  artifactKey: Guid(02c0a84bd64c6f044954d8bde9b46ec8) Importer(2089858483,0ecaa5967403d082aa24f35e1b516d23)
Start importing Assets/PostProcessing/Resources/Bluenoise64/LDR_LLL1_28.png using Guid(02c0a84bd64c6f044954d8bde9b46ec8) Importer(2089858483,0ecaa5967403d082aa24f35e1b516d23)  -> (artifact id: '83139a6c051e7e797f2cf5482576d2cd') in 0.028110 seconds
Number of updated asset objects reloaded before import = 0
Number of asset objects unloaded after import = 1
========================================================================
Received Import Request.
  Time since last request: 0.000026 seconds.
  path: Assets/PostProcessing/Resources/Shaders/Blit.shader
  artifactKey: Guid(7d89469544dfa214eabdbf37fca76f40) Importer(2089858483,0ecaa5967403d082aa24f35e1b516d23)
Start importing Assets/PostProcessing/Resources/Shaders/Blit.shader using Guid(7d89469544dfa214eabdbf37fca76f40) Importer(2089858483,0ecaa5967403d082aa24f35e1b516d23)  -> (artifact id: '4702e55e3a4bacfcdb085b8c283d35e1') in 0.016419 seconds
Number of updated asset objects reloaded before import = 0
Number of asset objects unloaded after import = 1
========================================================================
Received Import Request.
  Time since last request: 0.000028 seconds.
  path: Assets/PostProcessing/Editor Resources/Monitors/VectorscopeRender.shader
  artifactKey: Guid(1c4298cd35ef7834e892898e49d61ecd) Importer(2089858483,0ecaa5967403d082aa24f35e1b516d23)
Start importing Assets/PostProcessing/Editor Resources/Monitors/VectorscopeRender.shader using Guid(1c4298cd35ef7834e892898e49d61ecd) Importer(2089858483,0ecaa5967403d082aa24f35e1b516d23)  -> (artifact id: '888efee02c6e39f53ecf676bb0f351fc') in 0.015147 seconds
Number of updated asset objects reloaded before import = 0
Number of asset objects unloaded after import = 1
========================================================================
Received Import Request.
  Time since last request: 0.000066 seconds.
  path: Assets/PostProcessing/Resources/Shaders/DepthOfField.shader
  artifactKey: Guid(ac8ed710934a3564686a096bb351caee) Importer(2089858483,0ecaa5967403d082aa24f35e1b516d23)
Start importing Assets/PostProcessing/Resources/Shaders/DepthOfField.shader using Guid(ac8ed710934a3564686a096bb351caee) Importer(2089858483,0ecaa5967403d082aa24f35e1b516d23)  -> (artifact id: 'd0e4fd56f797bd25549eaa7483cafa2c') in 0.018545 seconds
Number of updated asset objects reloaded before import = 0
Number of asset objects unloaded after import = 1
========================================================================
Received Import Request.
  Time since last request: 0.000038 seconds.
  path: Assets/_Ships/AI Ship/DecisionMaker.cs
  artifactKey: Guid(9ac4ef196692fd94394fa0009427c12a) Importer(2089858483,0ecaa5967403d082aa24f35e1b516d23)
Start importing Assets/_Ships/AI Ship/DecisionMaker.cs using Guid(9ac4ef196692fd94394fa0009427c12a) Importer(2089858483,0ecaa5967403d082aa24f35e1b516d23)  -> (artifact id: '088db5f0b666d37e92303a9b0e4ba5fd') in 0.017460 seconds
Number of updated asset objects reloaded before import = 0
Number of asset objects unloaded after import = 1
========================================================================
Received Import Request.
  Time since last request: 0.000070 seconds.
  path: Assets/_Target/Target.prefab
  artifactKey: Guid(d6135fdaa9e589d49bc7c54ff39f3b33) Importer(2089858483,0ecaa5967403d082aa24f35e1b516d23)
Start importing Assets/_Target/Target.prefab using Guid(d6135fdaa9e589d49bc7c54ff39f3b33) Importer(2089858483,0ecaa5967403d082aa24f35e1b516d23)  -> (artifact id: 'e9611f9e2afa889555cf69437b218598') in 0.025938 seconds
Number of updated asset objects reloaded before import = 0
Number of asset objects unloaded after import = 44
========================================================================
Received Import Request.
  Time since last request: 0.000023 seconds.
  path: Assets/ADG_Textures/Foam Textures/foam1/back-foam_Opacity.tga
  artifactKey: Guid(028e5356189a3ba42972bca8f2731bd4) Importer(815301076,1909f56bfc062723c751e8b465ee728b)
Start importing Assets/ADG_Textures/Foam Textures/foam1/back-foam_Opacity.tga using Guid(028e5356189a3ba42972bca8f2731bd4) Importer(815301076,1909f56bfc062723c751e8b465ee728b)  -> (artifact id: '4f4232da698584bc11b74d66d57c79d3') in 0.021490 seconds
Number of updated asset objects reloaded before import = 0
Number of asset objects unloaded after import = 2
========================================================================
Received Import Request.
  Time since last request: 0.000027 seconds.
  path: Assets/PostProcessing/Resources/Bluenoise64/LDR_LLL1_17.png
  artifactKey: Guid(bf95b6fdc179b0e4f890c841406193fc) Importer(2089858483,0ecaa5967403d082aa24f35e1b516d23)
Start importing Assets/PostProcessing/Resources/Bluenoise64/LDR_LLL1_17.png using Guid(bf95b6fdc179b0e4f890c841406193fc) Importer(2089858483,0ecaa5967403d082aa24f35e1b516d23)  -> (artifact id: 'a75a524b0b8ce647fd5a8f95ee99b858') in 0.028866 seconds
Number of updated asset objects reloaded before import = 0
Number of asset objects unloaded after import = 1
========================================================================
Received Import Request.
  Time since last request: 0.000058 seconds.
  path: Assets/PostProcessing/Resources/Bluenoise64/LDR_LLL1_14.png
  artifactKey: Guid(f6439b54b28f3884eb67579dec0b6f21) Importer(2089858483,0ecaa5967403d082aa24f35e1b516d23)
Start importing Assets/PostProcessing/Resources/Bluenoise64/LDR_LLL1_14.png using Guid(f6439b54b28f3884eb67579dec0b6f21) Importer(2089858483,0ecaa5967403d082aa24f35e1b516d23)  -> (artifact id: '027b09e80bc76f43828aca1a8fc51ab8') in 0.030189 seconds
Number of updated asset objects reloaded before import = 0
Number of asset objects unloaded after import = 1
========================================================================
Received Import Request.
  Time since last request: 0.000022 seconds.
  path: Assets/PostProcessing/Runtime/Components/UserLutComponent.cs
  artifactKey: Guid(63cb071fb8442a14f85c02e6ddba9b72) Importer(2089858483,0ecaa5967403d082aa24f35e1b516d23)
Start importing Assets/PostProcessing/Runtime/Components/UserLutComponent.cs using Guid(63cb071fb8442a14f85c02e6ddba9b72) Importer(2089858483,0ecaa5967403d082aa24f35e1b516d23)  -> (artifact id: '63fa30d9dc02323d719c2ce76f134b83') in 0.014267 seconds
Number of updated asset objects reloaded before import = 0
Number of asset objects unloaded after import = 1
========================================================================
Received Import Request.
  Time since last request: 0.000503 seconds.
  path: Assets/PostProcessing/Resources/Bluenoise64/LDR_LLL1_18.png
  artifactKey: Guid(74aca53eb7273624baffc2bf5e5cc173) Importer(2089858483,0ecaa5967403d082aa24f35e1b516d23)
Start importing Assets/PostProcessing/Resources/Bluenoise64/LDR_LLL1_18.png using Guid(74aca53eb7273624baffc2bf5e5cc173) Importer(2089858483,0ecaa5967403d082aa24f35e1b516d23)  -> (artifact id: 'be7c541801b9bfc0ddb8357954ce8732') in 0.031817 seconds
Number of updated asset objects reloaded before import = 0
Number of asset objects unloaded after import = 1
========================================================================
Received Import Request.
  Time since last request: 0.000024 seconds.
  path: Assets/PostProcessing/Editor/Models/EyeAdaptationModelEditor.cs
  artifactKey: Guid(489b5c785ba0f614d90c322fa0827216) Importer(2089858483,0ecaa5967403d082aa24f35e1b516d23)
Start importing Assets/PostProcessing/Editor/Models/EyeAdaptationModelEditor.cs using Guid(489b5c785ba0f614d90c322fa0827216) Importer(2089858483,0ecaa5967403d082aa24f35e1b516d23)  -> (artifact id: '30191be13c4b0279a169c8cdf1bdbf1a') in 0.015433 seconds
Number of updated asset objects reloaded before import = 0
Number of asset objects unloaded after import = 1
========================================================================
Received Import Request.
  Time since last request: 0.000023 seconds.
  path: Assets/PostProcessing/Runtime/Utils/RenderTextureFactory.cs
  artifactKey: Guid(aec5694806c4d75449e231cfae69c329) Importer(2089858483,0ecaa5967403d082aa24f35e1b516d23)
Start importing Assets/PostProcessing/Runtime/Utils/RenderTextureFactory.cs using Guid(aec5694806c4d75449e231cfae69c329) Importer(2089858483,0ecaa5967403d082aa24f35e1b516d23)  -> (artifact id: '03eee1268b4fe9b150ab704f4f78dd15') in 0.015120 seconds
Number of updated asset objects reloaded before import = 0
Number of asset objects unloaded after import = 1
========================================================================
Received Import Request.
  Time since last request: 0.000021 seconds.
  path: Assets/Standard Assets/CrossPlatformInput/Scripts/ButtonHandler.cs
  artifactKey: Guid(85bf3be603548374ca46f521a3aa7fda) Importer(2089858483,0ecaa5967403d082aa24f35e1b516d23)
Start importing Assets/Standard Assets/CrossPlatformInput/Scripts/ButtonHandler.cs using Guid(85bf3be603548374ca46f521a3aa7fda) Importer(2089858483,0ecaa5967403d082aa24f35e1b516d23)  -> (artifact id: '0ff1f0c5368c5b542893ea40b8b35ea3') in 0.014084 seconds
Number of updated asset objects reloaded before import = 0
Number of asset objects unloaded after import = 1
========================================================================
Received Import Request.
  Time since last request: 0.000021 seconds.
  path: Assets/ADG_Textures/Foam Textures/foam1/Materials/back-foam_Normal.mat
  artifactKey: Guid(bc9b4c69944940f4a88a236fd3ca1a2a) Importer(2089858483,0ecaa5967403d082aa24f35e1b516d23)
Start importing Assets/ADG_Textures/Foam Textures/foam1/Materials/back-foam_Normal.mat using Guid(bc9b4c69944940f4a88a236fd3ca1a2a) Importer(2089858483,0ecaa5967403d082aa24f35e1b516d23)  -> (artifact id: '56ba17802afbbec8a927c70d1d85167a') in 0.019376 seconds
Number of updated asset objects reloaded before import = 0
Number of asset objects unloaded after import = 2
========================================================================
Received Import Request.
  Time since last request: 0.000021 seconds.
  path: Assets/_Ships/AI Ship/Materials/Boat.mat
  artifactKey: Guid(f8eb5f9766f0c28439cb1d597083e9c9) Importer(2089858483,0ecaa5967403d082aa24f35e1b516d23)
Start importing Assets/_Ships/AI Ship/Materials/Boat.mat using Guid(f8eb5f9766f0c28439cb1d597083e9c9) Importer(2089858483,0ecaa5967403d082aa24f35e1b516d23)  -> (artifact id: '81e42a3cd64ed5464f1e38ad6b404820') in 0.018701 seconds
Number of updated asset objects reloaded before import = 0
Number of asset objects unloaded after import = 1
========================================================================
Received Import Request.
  Time since last request: 0.000021 seconds.
  path: Assets/_Ships/AI Ship/Battleship/Black.mat
  artifactKey: Guid(01e1646354cc74648a16283ae143741d) Importer(2089858483,0ecaa5967403d082aa24f35e1b516d23)
Start importing Assets/_Ships/AI Ship/Battleship/Black.mat using Guid(01e1646354cc74648a16283ae143741d) Importer(2089858483,0ecaa5967403d082aa24f35e1b516d23)  -> (artifact id: '701f25d4e373765846c672bca13fdab1') in 0.026366 seconds
Number of updated asset objects reloaded before import = 0
Number of asset objects unloaded after import = 4
========================================================================
Received Import Request.
  Time since last request: 0.000111 seconds.
  path: Assets/PostProcessing/Runtime/Models/BuiltinDebugViewsModel.cs
  artifactKey: Guid(33d6d1a4b7b3dec40819019a25605191) Importer(2089858483,0ecaa5967403d082aa24f35e1b516d23)
Start importing Assets/PostProcessing/Runtime/Models/BuiltinDebugViewsModel.cs using Guid(33d6d1a4b7b3dec40819019a25605191) Importer(2089858483,0ecaa5967403d082aa24f35e1b516d23)  -> (artifact id: '62c736d510220b037b5b960d89c09806') in 0.016268 seconds
Number of updated asset objects reloaded before import = 0
Number of asset objects unloaded after import = 1
========================================================================
Received Import Request.
  Time since last request: 0.000043 seconds.
  path: Assets/_Ships/AI Ship/Battleship/Canon.prefab
  artifactKey: Guid(4b8d462862813e243a9f0ac0ce6d831c) Importer(2089858483,0ecaa5967403d082aa24f35e1b516d23)
Start importing Assets/_Ships/AI Ship/Battleship/Canon.prefab using Guid(4b8d462862813e243a9f0ac0ce6d831c) Importer(2089858483,0ecaa5967403d082aa24f35e1b516d23)  -> (artifact id: 'f8d217240a363e8dfd13545eeb863eef') in 0.028200 seconds
Number of updated asset objects reloaded before import = 0
Number of asset objects unloaded after import = 19
========================================================================
Received Import Request.
  Time since last request: 0.000027 seconds.
  path: Assets/PostProcessing/Runtime/Utils/GraphicsUtils.cs
  artifactKey: Guid(f40f0a1acf6ce2f419f2b71c667e8973) Importer(2089858483,0ecaa5967403d082aa24f35e1b516d23)
Start importing Assets/PostProcessing/Runtime/Utils/GraphicsUtils.cs using Guid(f40f0a1acf6ce2f419f2b71c667e8973) Importer(2089858483,0ecaa5967403d082aa24f35e1b516d23)  -> (artifact id: 'b68883b647ff3b6d59596b916889ef77') in 0.015766 seconds
Number of updated asset objects reloaded before import = 0
Number of asset objects unloaded after import = 1
========================================================================
Received Import Request.
  Time since last request: 0.000110 seconds.
  path: Assets/PostProcessing/Textures/Spectral LUTs/SpectralLut_RedBlue.tga
  artifactKey: Guid(ff5f3317371838d4fa16ac6c2acf2040) Importer(2089858483,0ecaa5967403d082aa24f35e1b516d23)
Start importing Assets/PostProcessing/Textures/Spectral LUTs/SpectralLut_RedBlue.tga using Guid(ff5f3317371838d4fa16ac6c2acf2040) Importer(2089858483,0ecaa5967403d082aa24f35e1b516d23)  -> (artifact id: '5d6287a6f446229aa30e72272f67ba3f') in 0.029371 seconds
Number of updated asset objects reloaded before import = 0
Number of asset objects unloaded after import = 1
========================================================================
Received Import Request.
  Time since last request: 0.000022 seconds.
  path: Assets/Standard Assets/Fonts/OpenSans/OpenSansRegular.ttf
  artifactKey: Guid(b51a3e520f9164da198dc59c8acfccd6) Importer(2089858483,0ecaa5967403d082aa24f35e1b516d23)
Start importing Assets/Standard Assets/Fonts/OpenSans/OpenSansRegular.ttf using Guid(b51a3e520f9164da198dc59c8acfccd6) Importer(2089858483,0ecaa5967403d082aa24f35e1b516d23)  -> (artifact id: '6974d189cf520c9dda853aba6e12fa16') in 0.032409 seconds
Number of updated asset objects reloaded before import = 0
Number of asset objects unloaded after import = 3
========================================================================
Received Import Request.
  Time since last request: 0.000026 seconds.
  path: Assets/PostProcessing/Utilities/CustomMotionTexture/Materials/UVChecker.mat
  artifactKey: Guid(944463113244f4bf8b05c1757cd838a4) Importer(2089858483,0ecaa5967403d082aa24f35e1b516d23)
Start importing Assets/PostProcessing/Utilities/CustomMotionTexture/Materials/UVChecker.mat using Guid(944463113244f4bf8b05c1757cd838a4) Importer(2089858483,0ecaa5967403d082aa24f35e1b516d23)  -> (artifact id: '32808525c4f3958d503ce0d136ef70ef') in 0.015596 seconds
Number of updated asset objects reloaded before import = 0
Number of asset objects unloaded after import = 2
========================================================================
Received Import Request.
  Time since last request: 0.000019 seconds.
  path: Assets/Standard Assets/CrossPlatformInput/Sprites/ButtonTimescaleSlowUpSprite.png
  artifactKey: Guid(9d7c6e4896067aa4fa512a00f692ac1c) Importer(2089858483,0ecaa5967403d082aa24f35e1b516d23)
Start importing Assets/Standard Assets/CrossPlatformInput/Sprites/ButtonTimescaleSlowUpSprite.png using Guid(9d7c6e4896067aa4fa512a00f692ac1c) Importer(2089858483,0ecaa5967403d082aa24f35e1b516d23)  -> (artifact id: '8807ea0d1021757484d5142cde082432') in 0.035527 seconds
Number of updated asset objects reloaded before import = 0
Number of asset objects unloaded after import = 3
========================================================================
Received Import Request.
  Time since last request: 0.000032 seconds.
  path: Assets/PostProcessing/Runtime/Models/ChromaticAberrationModel.cs
  artifactKey: Guid(8da01668697617e43879715e835a2367) Importer(2089858483,0ecaa5967403d082aa24f35e1b516d23)
Start importing Assets/PostProcessing/Runtime/Models/ChromaticAberrationModel.cs using Guid(8da01668697617e43879715e835a2367) Importer(2089858483,0ecaa5967403d082aa24f35e1b516d23)  -> (artifact id: 'be1f76d92587d2a6087db3014ad20f57') in 0.016172 seconds
Number of updated asset objects reloaded before import = 0
Number of asset objects unloaded after import = 1
========================================================================
Received Import Request.
  Time since last request: 0.000018 seconds.
  path: Assets/Standard Assets/Editor/CrossPlatformInput/CrossPlatformInputInitialize.cs
  artifactKey: Guid(db7667203062c644ea1877077e30ebd6) Importer(2089858483,0ecaa5967403d082aa24f35e1b516d23)
Start importing Assets/Standard Assets/Editor/CrossPlatformInput/CrossPlatformInputInitialize.cs using Guid(db7667203062c644ea1877077e30ebd6) Importer(2089858483,0ecaa5967403d082aa24f35e1b516d23)  -> (artifact id: '3ffae9c8c19f4e72c214933361687e05') in 0.013918 seconds
Number of updated asset objects reloaded before import = 0
Number of asset objects unloaded after import = 1
========================================================================
Received Import Request.
  Time since last request: 0.000023 seconds.
  path: Assets/Standard Assets/Environment/Water (Basic)/Materials/WaterBasicDaytime.mat
  artifactKey: Guid(52b7d70b1de7c4ce09662b77c14d9fda) Importer(2089858483,0ecaa5967403d082aa24f35e1b516d23)
Start importing Assets/Standard Assets/Environment/Water (Basic)/Materials/WaterBasicDaytime.mat using Guid(52b7d70b1de7c4ce09662b77c14d9fda) Importer(2089858483,0ecaa5967403d082aa24f35e1b516d23)  -> (artifact id: '096709e5a85a06ed3b3a4ceed4f85c8a') in 0.021881 seconds
Number of updated asset objects reloaded before import = 0
Number of asset objects unloaded after import = 3
========================================================================
Received Import Request.
  Time since last request: 0.000023 seconds.
  path: Assets/PostProcessing/Textures/Lens Dirt/LensDirt03.png
  artifactKey: Guid(7a051dbda2d7bc447bee412427cd311e) Importer(2089858483,0ecaa5967403d082aa24f35e1b516d23)
Start importing Assets/PostProcessing/Textures/Lens Dirt/LensDirt03.png using Guid(7a051dbda2d7bc447bee412427cd311e) Importer(2089858483,0ecaa5967403d082aa24f35e1b516d23)  -> (artifact id: 'aef2dc32d09779537381905917c09ef8') in 0.028618 seconds
Number of updated asset objects reloaded before import = 0
Number of asset objects unloaded after import = 1
========================================================================
Received Import Request.
  Time since last request: 0.000088 seconds.
  path: Assets/PostProcessing/Runtime/Models/GrainModel.cs
  artifactKey: Guid(f4fbcdb7f7a3c76489f32ffea74e6bb3) Importer(2089858483,0ecaa5967403d082aa24f35e1b516d23)
Start importing Assets/PostProcessing/Runtime/Models/GrainModel.cs using Guid(f4fbcdb7f7a3c76489f32ffea74e6bb3) Importer(2089858483,0ecaa5967403d082aa24f35e1b516d23)  -> (artifact id: 'a697ee983b57cf1d753758589e84e19b') in 0.014858 seconds
Number of updated asset objects reloaded before import = 0
Number of asset objects unloaded after import = 1
========================================================================
Received Import Request.
  Time since last request: 0.000067 seconds.
  path: Assets/PostProcessing/Utilities/CustomMotionTexture/ExampleScene.unity
  artifactKey: Guid(ed3a9f41209f84f6db99e07013da9628) Importer(2089858483,0ecaa5967403d082aa24f35e1b516d23)
Start importing Assets/PostProcessing/Utilities/CustomMotionTexture/ExampleScene.unity using Guid(ed3a9f41209f84f6db99e07013da9628) Importer(2089858483,0ecaa5967403d082aa24f35e1b516d23)  -> (artifact id: '35f585aa2276b1bf48b11822c58c3cb9') in 0.012279 seconds
Number of updated asset objects reloaded before import = 0
Number of asset objects unloaded after import = 1
========================================================================
Received Import Request.
  Time since last request: 0.000043 seconds.
  path: Assets/PostProcessing/Runtime/Models/AntialiasingModel.cs
  artifactKey: Guid(cb9a239ec5f20ca4cb5d0391441588de) Importer(2089858483,0ecaa5967403d082aa24f35e1b516d23)
Start importing Assets/PostProcessing/Runtime/Models/AntialiasingModel.cs using Guid(cb9a239ec5f20ca4cb5d0391441588de) Importer(2089858483,0ecaa5967403d082aa24f35e1b516d23)  -> (artifact id: '1ed98be51963256ece44d5de817611a4') in 0.013813 seconds
Number of updated asset objects reloaded before import = 0
Number of asset objects unloaded after import = 1
========================================================================
Received Import Request.
  Time since last request: 0.000021 seconds.
  path: Assets/Standard Assets/CrossPlatformInput/Sprites/ButtonResetSprite.png
  artifactKey: Guid(a94c9a7eb94ceec4a8d67a1890e22e51) Importer(2089858483,0ecaa5967403d082aa24f35e1b516d23)
Start importing Assets/Standard Assets/CrossPlatformInput/Sprites/ButtonResetSprite.png using Guid(a94c9a7eb94ceec4a8d67a1890e22e51) Importer(2089858483,0ecaa5967403d082aa24f35e1b516d23)  -> (artifact id: '396ae05ea57ca73f3e5badc2651b8deb') in 0.033120 seconds
Number of updated asset objects reloaded before import = 0
Number of asset objects unloaded after import = 3
========================================================================
Received Import Request.
  Time since last request: 0.000023 seconds.
  path: Assets/Standard Assets/CrossPlatformInput/Sprites/ButtonSpacebarSprite.png
  artifactKey: Guid(3d8675433a508ec47b8f895201eacf20) Importer(2089858483,0ecaa5967403d082aa24f35e1b516d23)
Start importing Assets/Standard Assets/CrossPlatformInput/Sprites/ButtonSpacebarSprite.png using Guid(3d8675433a508ec47b8f895201eacf20) Importer(2089858483,0ecaa5967403d082aa24f35e1b516d23)  -> (artifact id: '033c1404159300c4d2a8051f796b0710') in 0.031164 seconds
Number of updated asset objects reloaded before import = 0
Number of asset objects unloaded after import = 3
========================================================================
Received Import Request.
  Time since last request: 0.000022 seconds.
  path: Assets/Standard Assets/CrossPlatformInput/Sprites/ButtonAcceleratorOverSprite.png
  artifactKey: Guid(eb5f6e2757c821940b69cf1456f7865a) Importer(2089858483,0ecaa5967403d082aa24f35e1b516d23)
Start importing Assets/Standard Assets/CrossPlatformInput/Sprites/ButtonAcceleratorOverSprite.png using Guid(eb5f6e2757c821940b69cf1456f7865a) Importer(2089858483,0ecaa5967403d082aa24f35e1b516d23)  -> (artifact id: '76c5a06fd9117e9b37d3b60e9428c456') in 0.031832 seconds
Number of updated asset objects reloaded before import = 0
Number of asset objects unloaded after import = 2
========================================================================
Received Import Request.
  Time since last request: 0.000026 seconds.
  path: Assets/Standard Assets/Environment/Water/Water4/Shaders/FXWater4Advanced.shader
  artifactKey: Guid(475c4a4e617a8401b84ca7b32c7cc460) Importer(2089858483,0ecaa5967403d082aa24f35e1b516d23)
Start importing Assets/Standard Assets/Environment/Water/Water4/Shaders/FXWater4Advanced.shader using Guid(475c4a4e617a8401b84ca7b32c7cc460) Importer(2089858483,0ecaa5967403d082aa24f35e1b516d23)  -> (artifact id: 'fccb59418fd380add326c7548f70b2ab') in 0.018366 seconds
Number of updated asset objects reloaded before import = 0
Number of asset objects unloaded after import = 1
========================================================================
Received Import Request.
  Time since last request: 0.000058 seconds.
  path: Assets/Standard Assets/Environment/Water/Water/Scripts/Water.cs
  artifactKey: Guid(a3d3ef1a5bbfb4e0a910fbbe5830b1f9) Importer(2089858483,0ecaa5967403d082aa24f35e1b516d23)
Start importing Assets/Standard Assets/Environment/Water/Water/Scripts/Water.cs using Guid(a3d3ef1a5bbfb4e0a910fbbe5830b1f9) Importer(2089858483,0ecaa5967403d082aa24f35e1b516d23)  -> (artifact id: '521d28d37407c0e8d78030366f9f27b0') in 0.015676 seconds
Number of updated asset objects reloaded before import = 0
Number of asset objects unloaded after import = 1
========================================================================
Received Import Request.
  Time since last request: 0.000074 seconds.
  path: Assets/Standard Assets/Environment/Water/Water/Textures/WaterProDaytimeGradient.psd
  artifactKey: Guid(ab97f9ab7c2ce724ebc9446060a819a4) Importer(2089858483,0ecaa5967403d082aa24f35e1b516d23)
Start importing Assets/Standard Assets/Environment/Water/Water/Textures/WaterProDaytimeGradient.psd using Guid(ab97f9ab7c2ce724ebc9446060a819a4) Importer(2089858483,0ecaa5967403d082aa24f35e1b516d23)  -> (artifact id: 'c5d2b1d6e6a4a6f4d31a402b49f153e2') in 0.031556 seconds
Number of updated asset objects reloaded before import = 0
Number of asset objects unloaded after import = 1
========================================================================
Received Import Request.
  Time since last request: 0.000057 seconds.
  path: Assets/Standard Assets/Environment/Water/Water/Prefabs/WaterProDaytime.prefab
  artifactKey: Guid(780611a67e8e941a2b3aa96e5915a793) Importer(2089858483,0ecaa5967403d082aa24f35e1b516d23)
Start importing Assets/Standard Assets/Environment/Water/Water/Prefabs/WaterProDaytime.prefab using Guid(780611a67e8e941a2b3aa96e5915a793) Importer(2089858483,0ecaa5967403d082aa24f35e1b516d23)  -> (artifact id: '032f778a7b253c50ceb56aca62fba13d') in 0.020884 seconds
Number of updated asset objects reloaded before import = 0
Number of asset objects unloaded after import = 8
========================================================================
Received Import Request.
  Time since last request: 0.000019 seconds.
  path: Assets/Standard Assets/Environment/Water (Basic)/Textures/WaterBasicNighttimeGradient.psd
  artifactKey: Guid(8403d3349d112ba4d000be1be39e7c39) Importer(2089858483,0ecaa5967403d082aa24f35e1b516d23)
Start importing Assets/Standard Assets/Environment/Water (Basic)/Textures/WaterBasicNighttimeGradient.psd using Guid(8403d3349d112ba4d000be1be39e7c39) Importer(2089858483,0ecaa5967403d082aa24f35e1b516d23)  -> (artifact id: '8585598fab25e9b8035e83acb909494c') in 0.027228 seconds
Number of updated asset objects reloaded before import = 0
Number of asset objects unloaded after import = 1
========================================================================
Received Import Request.
  Time since last request: 0.000020 seconds.
  path: Assets/Standard Assets/Environment/Water/Water4/Prefabs/Water4Advanced.prefab
  artifactKey: Guid(b544816461f324e56a39767fdeb5b114) Importer(2089858483,0ecaa5967403d082aa24f35e1b516d23)
Start importing Assets/Standard Assets/Environment/Water/Water4/Prefabs/Water4Advanced.prefab using Guid(b544816461f324e56a39767fdeb5b114) Importer(2089858483,0ecaa5967403d082aa24f35e1b516d23)  -> (artifact id: 'f4f8cfcc01441ce6cd605008f31a0567') in 0.028412 seconds
Number of updated asset objects reloaded before import = 0
Number of asset objects unloaded after import = 32
========================================================================
Received Import Request.
  Time since last request: 0.000017 seconds.
  path: Assets/Standard Assets/Environment/Water/Water/Textures/WaterProNighttimeGradient.psd
  artifactKey: Guid(b725b62cfc9d04e4886735ab2a8107d1) Importer(2089858483,0ecaa5967403d082aa24f35e1b516d23)
Start importing Assets/Standard Assets/Environment/Water/Water/Textures/WaterProNighttimeGradient.psd using Guid(b725b62cfc9d04e4886735ab2a8107d1) Importer(2089858483,0ecaa5967403d082aa24f35e1b516d23)  -> (artifact id: '282e986c44da8619a6b85e64f74bb001') in 0.024882 seconds
Number of updated asset objects reloaded before import = 0
Number of asset objects unloaded after import = 1
========================================================================
Received Import Request.
  Time since last request: 0.000020 seconds.
  path: Assets/Standard Assets/Environment/Water/Water/Scripts/GerstnerDisplace.cs
  artifactKey: Guid(42e7f46d0e5a84171a3909479c1646ba) Importer(2089858483,0ecaa5967403d082aa24f35e1b516d23)
Start importing Assets/Standard Assets/Environment/Water/Water/Scripts/GerstnerDisplace.cs using Guid(42e7f46d0e5a84171a3909479c1646ba) Importer(2089858483,0ecaa5967403d082aa24f35e1b516d23)  -> (artifact id: '205955d10bb0e733325bd539b2a54223') in 0.014544 seconds
Number of updated asset objects reloaded before import = 0
Number of asset objects unloaded after import = 1
========================================================================
Received Import Request.
  Time since last request: 0.000057 seconds.
  path: Assets/Standard Assets/Environment/Water (Basic)/Scripts/WaterBasic.cs
  artifactKey: Guid(0d2f50a8e0bb841a5aaa90ae55db8849) Importer(2089858483,0ecaa5967403d082aa24f35e1b516d23)
Start importing Assets/Standard Assets/Environment/Water (Basic)/Scripts/WaterBasic.cs using Guid(0d2f50a8e0bb841a5aaa90ae55db8849) Importer(2089858483,0ecaa5967403d082aa24f35e1b516d23)  -> (artifact id: 'c83a3164217044198bec2f9f090d750d') in 0.015193 seconds
Number of updated asset objects reloaded before import = 0
Number of asset objects unloaded after import = 1
========================================================================
Received Import Request.
  Time since last request: 0.000111 seconds.
  path: Assets/ADG_Textures/Foam Textures/foam1/Materials/back-foam_Opacity.mat
  artifactKey: Guid(94fee8e5965fc3c40babed847d67204e) Importer(2089858483,0ecaa5967403d082aa24f35e1b516d23)
Start importing Assets/ADG_Textures/Foam Textures/foam1/Materials/back-foam_Opacity.mat using Guid(94fee8e5965fc3c40babed847d67204e) Importer(2089858483,0ecaa5967403d082aa24f35e1b516d23)  -> (artifact id: '26a6515a5c09b9d4d86c32d6896ef0cb') in 0.017417 seconds
Number of updated asset objects reloaded before import = 0
Number of asset objects unloaded after import = 2
========================================================================
Received Import Request.
  Time since last request: 0.000023 seconds.
  path: Assets/Standard Assets/Environment/Water/Water4/Textures/SmallWaves.png
  artifactKey: Guid(fb6566c21f717904f83743a5a76dd0b0) Importer(2089858483,0ecaa5967403d082aa24f35e1b516d23)
Start importing Assets/Standard Assets/Environment/Water/Water4/Textures/SmallWaves.png using Guid(fb6566c21f717904f83743a5a76dd0b0) Importer(2089858483,0ecaa5967403d082aa24f35e1b516d23)  -> (artifact id: '5ac157155b991271b4bf45d3b4f2a69f') in 0.027049 seconds
Number of updated asset objects reloaded before import = 0
Number of asset objects unloaded after import = 1
========================================================================
Received Import Request.
  Time since last request: 0.000020 seconds.
  path: Assets/Standard Assets/CrossPlatformInput/Sprites/ButtonTimescaleFullUpSprite.png
  artifactKey: Guid(0c6271a290ef75b4c97d58746c86c5b8) Importer(2089858483,0ecaa5967403d082aa24f35e1b516d23)
Start importing Assets/Standard Assets/CrossPlatformInput/Sprites/ButtonTimescaleFullUpSprite.png using Guid(0c6271a290ef75b4c97d58746c86c5b8) Importer(2089858483,0ecaa5967403d082aa24f35e1b516d23)  -> (artifact id: 'f8859e540fc2c6a3c8626a0a6c63c90c') in 0.027729 seconds
Number of updated asset objects reloaded before import = 0
Number of asset objects unloaded after import = 3
========================================================================
Received Import Request.
  Time since last request: 0.000024 seconds.
  path: Assets/Standard Assets/Environment/Water (Basic)/Prefabs/WaterBasicNightime.prefab
  artifactKey: Guid(6b436d069d11415d1100ab9b44295342) Importer(2089858483,0ecaa5967403d082aa24f35e1b516d23)
Start importing Assets/Standard Assets/Environment/Water (Basic)/Prefabs/WaterBasicNightime.prefab using Guid(6b436d069d11415d1100ab9b44295342) Importer(2089858483,0ecaa5967403d082aa24f35e1b516d23)  -> (artifact id: 'a189585c84651dda33efa5579af7e69e') in 0.021664 seconds
Number of updated asset objects reloaded before import = 0
Number of asset objects unloaded after import = 8
========================================================================
Received Import Request.
  Time since last request: 0.000048 seconds.
  path: Assets/Standard Assets/Environment/Water/Water4/Models/OceanPlane.FBX
  artifactKey: Guid(681e41ee1260343b395ca58745c94870) Importer(2089858483,0ecaa5967403d082aa24f35e1b516d23)
Start importing Assets/Standard Assets/Environment/Water/Water4/Models/OceanPlane.FBX using Guid(681e41ee1260343b395ca58745c94870) Importer(2089858483,0ecaa5967403d082aa24f35e1b516d23)  -> (artifact id: '247ab02a4b44af85b3f3e4548dcb0306') in 0.051993 seconds
Number of updated asset objects reloaded before import = 0
Number of asset objects unloaded after import = 8
========================================================================
Received Import Request.
  Time since last request: 0.000021 seconds.
  path: Assets/_Ships/GraphTemplate.cs
  artifactKey: Guid(a48d723c03e77024bafb7d30f7e67c38) Importer(2089858483,0ecaa5967403d082aa24f35e1b516d23)
Start importing Assets/_Ships/GraphTemplate.cs using Guid(a48d723c03e77024bafb7d30f7e67c38) Importer(2089858483,0ecaa5967403d082aa24f35e1b516d23)  -> (artifact id: 'fa6e68f0ab1f709e6f024aea9b3dc115') in 0.013326 seconds
Number of updated asset objects reloaded before import = 0
Number of asset objects unloaded after import = 1
========================================================================
Received Import Request.
  Time since last request: 0.000028 seconds.
  path: Assets/Standard Assets/Environment/Water/Water/Textures/WaterFresnel.psd
  artifactKey: Guid(5b5c5575fd4c74abd9f7b30862fb76a3) Importer(2089858483,0ecaa5967403d082aa24f35e1b516d23)
Start importing Assets/Standard Assets/Environment/Water/Water/Textures/WaterFresnel.psd using Guid(5b5c5575fd4c74abd9f7b30862fb76a3) Importer(2089858483,0ecaa5967403d082aa24f35e1b516d23)  -> (artifact id: '9150a20baa1f5a277750b3969e32671f') in 0.028969 seconds
Number of updated asset objects reloaded before import = 0
Number of asset objects unloaded after import = 1
========================================================================
Received Prepare
Refreshing native plugins compatible for Editor in 13.49 ms, found 2 plugins.
Preloading 0 native plugins for Editor in 0.00 ms.
Unloading 4 Unused Serialized files (Serialized files now loaded: 0)
Unloading 6 unused Assets / (297.5 KB). Loaded Objects now: 3106.
Memory consumption went from 76.5 MB to 76.3 MB.
Total: 10.331600 ms (FindLiveObjects: 0.247600 ms CreateObjectMapping: 0.114700 ms MarkObjects: 9.866200 ms  DeleteObjects: 0.101600 ms)

Prepare: number of updated asset objects reloaded= 0
AssetImportParameters requested are different than current active one (requested -> active):
  custom:video-decoder-webm-vp8: 9c59270c3fd7afecdb556c50c9e8de78 -> 
  custom:SearchIndexIgnoredProperties: e643bd26f0fe6173181afceb89e7c659 -> 
  custom:container-demuxer-ogg: 62fdf1f143b41e24485cea50d1cbac27 -> 
  custom:AudioImporter_EditorPlatform: d09bf68614088b80899f8185d706f6e7 -> 
  custom:video-codec-MediaFoundation-h265: 746d11721c4dcdbdad8f713fa42b33f4 -> 
  custom:video-decoder-ogg-theora: a1e56fd34408186e4bbccfd4996cb3dc -> 
  custom:framework-win-MediaFoundation: 216162199b28c13a410421893ffa2e32 -> 
  custom:video-encoder-webm-vp8: eb34c28f22e8b96e1ab97ce403110664 -> 
  custom:audio-decoder-ogg-vorbis: bf7c407c2cedff20999df2af8eb42d56 -> 
  custom:CustomObjectIndexerAttribute: 9a22284fe3817be447336de3de66b15e -> 
  custom:container-demuxer-webm: 4f35f7cbe854078d1ac9338744f61a02 -> 
  custom:audio-encoder-webm-vorbis: bf7c407c2cedff20999df2af8eb42d56 -> 
  custom:container-muxer-webm: aa71ff27fc2769a1b78a27578f13a17b -> 
Editor requested this worker to shutdown with reason: Scaling down because of idle timeout
TcpMessagingSession - receive error: operation aborted. errorcode: 995, details: I/U-operasjonen er blitt avsluttet p grunn av en trdavslutning eller en foresprsel fra et program.
AssetImportWorker is now disconnected from the server
Process exiting
Exiting without the bug reporter. Application will terminate with return code 0