Using pre-set license
Built from '2022.3/staging' branch; Version is '2022.3.29f1 (8d510ca76d2b) revision 9261324'; Using compiler version '192829333'; Build Type 'Release'
OS: 'Windows 11  (10.0.22631) 64bit Core' Language: 'no' Physical Memory: 16221 MB
BatchMode: 1, IsHumanControllingUs: 0, StartBugReporterOnCrash: 0, Is64bit: 1, IsPro: 1

COMMAND LINE ARGUMENTS:
C:\Program Files\Unity\Hub\Editor\2022.3.29f1\Editor\Unity.exe
-adb2
-batchMode
-noUpm
-name
AssetImportWorker1
-projectPath
C:/Users/Mariu/OneDrive/Desktop/lab/AI-Warship
-logFile
Logs/AssetImportWorker1.log
-srvPort
63033
Successfully changed project path to: C:/Users/Mariu/OneDrive/Desktop/lab/AI-Warship
C:/Users/Mariu/OneDrive/Desktop/lab/AI-Warship
[UnityMemory] Configuration Parameters - Can be set up in boot.config
    "memorysetup-bucket-allocator-granularity=16"
    "memorysetup-bucket-allocator-bucket-count=8"
    "memorysetup-bucket-allocator-block-size=33554432"
    "memorysetup-bucket-allocator-block-count=8"
    "memorysetup-main-allocator-block-size=16777216"
    "memorysetup-thread-allocator-block-size=16777216"
    "memorysetup-gfx-main-allocator-block-size=16777216"
    "memorysetup-gfx-thread-allocator-block-size=16777216"
    "memorysetup-cache-allocator-block-size=4194304"
    "memorysetup-typetree-allocator-block-size=2097152"
    "memorysetup-profiler-bucket-allocator-granularity=16"
    "memorysetup-profiler-bucket-allocator-bucket-count=8"
    "memorysetup-profiler-bucket-allocator-block-size=33554432"
    "memorysetup-profiler-bucket-allocator-block-count=8"
    "memorysetup-profiler-allocator-block-size=16777216"
    "memorysetup-profiler-editor-allocator-block-size=1048576"
    "memorysetup-temp-allocator-size-main=16777216"
    "memorysetup-job-temp-allocator-block-size=2097152"
    "memorysetup-job-temp-allocator-block-size-background=1048576"
    "memorysetup-job-temp-allocator-reduction-small-platforms=262144"
    "memorysetup-allocator-temp-initial-block-size-main=262144"
    "memorysetup-allocator-temp-initial-block-size-worker=262144"
    "memorysetup-temp-allocator-size-background-worker=32768"
    "memorysetup-temp-allocator-size-job-worker=262144"
    "memorysetup-temp-allocator-size-preload-manager=33554432"
    "memorysetup-temp-allocator-size-nav-mesh-worker=65536"
    "memorysetup-temp-allocator-size-audio-worker=65536"
    "memorysetup-temp-allocator-size-cloud-worker=32768"
    "memorysetup-temp-allocator-size-gi-baking-worker=262144"
    "memorysetup-temp-allocator-size-gfx=262144"
Player connection [10444] Host "[IP] 10.0.0.3 [Port] 0 [Flags] 2 [Guid] 1544770671 [EditorId] 1544770671 [Version] 1048832 [Id] WindowsEditor(7,Marius) [Debug] 1 [PackageName] WindowsEditor [ProjectName] Editor" joined multi-casting on [225.0.0.222:54997]...

Player connection [10444] Host "[IP] 10.0.0.3 [Port] 0 [Flags] 2 [Guid] 1544770671 [EditorId] 1544770671 [Version] 1048832 [Id] WindowsEditor(7,Marius) [Debug] 1 [PackageName] WindowsEditor [ProjectName] Editor" joined alternative multi-casting on [225.0.0.222:34997]...

[Physics::Module] Initialized MultithreadedJobDispatcher with 15 workers.
Refreshing native plugins compatible for Editor in 21.49 ms, found 2 plugins.
Preloading 0 native plugins for Editor in 0.00 ms.
Initialize engine version: 2022.3.29f1 (8d510ca76d2b)
[Subsystems] Discovering subsystems at path C:/Program Files/Unity/Hub/Editor/2022.3.29f1/Editor/Data/Resources/UnitySubsystems
[Subsystems] Discovering subsystems at path C:/Users/Mariu/OneDrive/Desktop/lab/AI-Warship/Assets
GfxDevice: creating device client; threaded=0; jobified=0
Direct3D:
    Version:  Direct3D 11.0 [level 11.1]
    Renderer: NVIDIA GeForce RTX 3070 (ID=0x2488)
    Vendor:   NVIDIA
    VRAM:     8018 MB
    Driver:   31.0.15.5212
Invalid texture used for cursor - check importer settings or texture creation. Texture must be RGBA32, readable, have alphaIsTransparency enabled and have no mip chain.
Failed to set the cursor because the specified texture ('ButtonAcceleratorOverSprite') was not CPU accessible.
Initialize mono
Mono path[0] = 'C:/Program Files/Unity/Hub/Editor/2022.3.29f1/Editor/Data/Managed'
Mono path[1] = 'C:/Program Files/Unity/Hub/Editor/2022.3.29f1/Editor/Data/MonoBleedingEdge/lib/mono/unityjit-win32'
Mono config path = 'C:/Program Files/Unity/Hub/Editor/2022.3.29f1/Editor/Data/MonoBleedingEdge/etc'
Using monoOptions --debugger-agent=transport=dt_socket,embedding=1,server=y,suspend=n,address=127.0.0.1:56648
Begin MonoManager ReloadAssembly
Registering precompiled unity dll's ...
Register platform support module: C:/Program Files/Unity/Hub/Editor/2022.3.29f1/Editor/Data/PlaybackEngines/WebGLSupport/UnityEditor.WebGL.Extensions.dll
Register platform support module: C:/Program Files/Unity/Hub/Editor/2022.3.29f1/Editor/Data/PlaybackEngines/WindowsStandaloneSupport/UnityEditor.WindowsStandalone.Extensions.dll
Registered in 0.013861 seconds.
- Loaded All Assemblies, in  0.536 seconds
Native extension for WindowsStandalone target not found
Native extension for WebGL target not found
Mono: successfully reloaded assembly
- Finished resetting the current domain, in  0.438 seconds
Domain Reload Profiling: 972ms
	BeginReloadAssembly (153ms)
		ExecutionOrderSort (0ms)
		DisableScriptedObjects (0ms)
		BackupInstance (0ms)
		ReleaseScriptingObjects (0ms)
		CreateAndSetChildDomain (1ms)
	RebuildCommonClasses (63ms)
	RebuildNativeTypeToScriptingClass (20ms)
	initialDomainReloadingComplete (87ms)
	LoadAllAssembliesAndSetupDomain (211ms)
		LoadAssemblies (151ms)
		RebuildTransferFunctionScriptingTraits (0ms)
		AnalyzeDomain (208ms)
			TypeCache.Refresh (206ms)
				TypeCache.ScanAssembly (189ms)
			ScanForSourceGeneratedMonoScriptInfo (1ms)
			ResolveRequiredComponents (1ms)
	FinalizeReload (439ms)
		ReleaseScriptCaches (0ms)
		RebuildScriptCaches (0ms)
		SetupLoadedEditorAssemblies (343ms)
			LogAssemblyErrors (0ms)
			InitializePlatformSupportModulesInManaged (19ms)
			SetLoadedEditorAssemblies (8ms)
			RefreshPlugins (0ms)
			BeforeProcessingInitializeOnLoad (3ms)
			ProcessInitializeOnLoadAttributes (240ms)
			ProcessInitializeOnLoadMethodAttributes (74ms)
			AfterProcessingInitializeOnLoad (0ms)
			EditorAssembliesLoaded (0ms)
		ExecutionOrderSort2 (0ms)
		AwakeInstancesAfterBackupRestoration (0ms)
========================================================================
Worker process is ready to serve import requests
Begin MonoManager ReloadAssembly
Symbol file LoadedFromMemory is not a mono symbol file
- Loaded All Assemblies, in  0.904 seconds
Refreshing native plugins compatible for Editor in 10.56 ms, found 2 plugins.
Native extension for WindowsStandalone target not found
Native extension for WebGL target not found
Package Manager log level set to [2]
[Package Manager] Server::EnsureServerProcessIsRunning -- launch failed, reason: Unity was launched with the -noUpm command-line argument
[Package Manager] UpmClient::Send -- Unable to send message (not connected to UPM process).
[Package Manager] Cannot connect to Unity Package Manager local server
Mono: successfully reloaded assembly
- Finished resetting the current domain, in  1.069 seconds
Domain Reload Profiling: 1969ms
	BeginReloadAssembly (198ms)
		ExecutionOrderSort (0ms)
		DisableScriptedObjects (7ms)
		BackupInstance (0ms)
		ReleaseScriptingObjects (0ms)
		CreateAndSetChildDomain (30ms)
	RebuildCommonClasses (54ms)
	RebuildNativeTypeToScriptingClass (16ms)
	initialDomainReloadingComplete (72ms)
	LoadAllAssembliesAndSetupDomain (559ms)
		LoadAssemblies (460ms)
		RebuildTransferFunctionScriptingTraits (0ms)
		AnalyzeDomain (213ms)
			TypeCache.Refresh (173ms)
				TypeCache.ScanAssembly (151ms)
			ScanForSourceGeneratedMonoScriptInfo (34ms)
			ResolveRequiredComponents (5ms)
	FinalizeReload (1069ms)
		ReleaseScriptCaches (0ms)
		RebuildScriptCaches (0ms)
		SetupLoadedEditorAssemblies (834ms)
			LogAssemblyErrors (0ms)
			InitializePlatformSupportModulesInManaged (9ms)
			SetLoadedEditorAssemblies (6ms)
			RefreshPlugins (0ms)
			BeforeProcessingInitializeOnLoad (91ms)
			ProcessInitializeOnLoadAttributes (472ms)
			ProcessInitializeOnLoadMethodAttributes (244ms)
			AfterProcessingInitializeOnLoad (13ms)
			EditorAssembliesLoaded (0ms)
		ExecutionOrderSort2 (0ms)
		AwakeInstancesAfterBackupRestoration (13ms)
Launched and connected shader compiler UnityShaderCompiler.exe after 0.07 seconds
Refreshing native plugins compatible for Editor in 10.61 ms, found 2 plugins.
Preloading 0 native plugins for Editor in 0.00 ms.
Unloading 2655 Unused Serialized files (Serialized files now loaded: 0)
Unloading 68 unused Assets / (362.0 KB). Loaded Objects now: 3095.
Memory consumption went from 119.4 MB to 119.0 MB.
Total: 9.028000 ms (FindLiveObjects: 0.234500 ms CreateObjectMapping: 0.119500 ms MarkObjects: 8.409200 ms  DeleteObjects: 0.262900 ms)

AssetImportParameters requested are different than current active one (requested -> active):
  custom:video-decoder-webm-vp8: 9c59270c3fd7afecdb556c50c9e8de78 -> 
  custom:SearchIndexIgnoredProperties: e643bd26f0fe6173181afceb89e7c659 -> 
  custom:container-demuxer-ogg: 62fdf1f143b41e24485cea50d1cbac27 -> 
  custom:AudioImporter_EditorPlatform: d09bf68614088b80899f8185d706f6e7 -> 
  custom:video-codec-MediaFoundation-h265: 746d11721c4dcdbdad8f713fa42b33f4 -> 
  custom:video-decoder-ogg-theora: a1e56fd34408186e4bbccfd4996cb3dc -> 
  custom:framework-win-MediaFoundation: 216162199b28c13a410421893ffa2e32 -> 
  custom:video-encoder-webm-vp8: eb34c28f22e8b96e1ab97ce403110664 -> 
  custom:audio-decoder-ogg-vorbis: bf7c407c2cedff20999df2af8eb42d56 -> 
  custom:CustomObjectIndexerAttribute: 9a22284fe3817be447336de3de66b15e -> 
  custom:container-demuxer-webm: 4f35f7cbe854078d1ac9338744f61a02 -> 
  custom:audio-encoder-webm-vorbis: bf7c407c2cedff20999df2af8eb42d56 -> 
  custom:container-muxer-webm: aa71ff27fc2769a1b78a27578f13a17b -> 
========================================================================
Received Import Request.
  Time since last request: 981875.425591 seconds.
  path: Assets/PostProcessing/Editor/Models/DitheringModelEditor.cs
  artifactKey: Guid(87377c86d84f49a4e912d37d28353e7f) Importer(2089858483,0ecaa5967403d082aa24f35e1b516d23)
Start importing Assets/PostProcessing/Editor/Models/DitheringModelEditor.cs using Guid(87377c86d84f49a4e912d37d28353e7f) Importer(2089858483,0ecaa5967403d082aa24f35e1b516d23)  -> (artifact id: 'bf8d629bb9cfc28dc0bef0561156a841') in 0.153195 seconds
Number of updated asset objects reloaded before import = 0
Number of asset objects unloaded after import = 1
========================================================================
Received Import Request.
  Time since last request: 0.000034 seconds.
  path: Assets/_Service Station/Yellow.mat
  artifactKey: Guid(0c31c453f544bff46a84a341db7127fb) Importer(2089858483,0ecaa5967403d082aa24f35e1b516d23)
Start importing Assets/_Service Station/Yellow.mat using Guid(0c31c453f544bff46a84a341db7127fb) Importer(2089858483,0ecaa5967403d082aa24f35e1b516d23)  -> (artifact id: 'aedac870ac6c0791b20b7f55a25f7140') in 0.042393 seconds
Number of updated asset objects reloaded before import = 0
Number of asset objects unloaded after import = 1
========================================================================
Received Import Request.
  Time since last request: 0.000140 seconds.
  path: Assets/PostProcessing/Editor/PostProcessingInspector.cs
  artifactKey: Guid(27fa95984763d9d47bbad59e7fdb66fe) Importer(2089858483,0ecaa5967403d082aa24f35e1b516d23)
Start importing Assets/PostProcessing/Editor/PostProcessingInspector.cs using Guid(27fa95984763d9d47bbad59e7fdb66fe) Importer(2089858483,0ecaa5967403d082aa24f35e1b516d23)  -> (artifact id: '0fe0d34e86868385fc9e690e61dfea2e') in 0.012472 seconds
Number of updated asset objects reloaded before import = 0
Number of asset objects unloaded after import = 1
========================================================================
Received Import Request.
  Time since last request: 0.000025 seconds.
  path: Assets/PostProcessing/Runtime/PostProcessingComponent.cs
  artifactKey: Guid(ef3277e9c14f78546a1ecaab0d293b77) Importer(2089858483,0ecaa5967403d082aa24f35e1b516d23)
Start importing Assets/PostProcessing/Runtime/PostProcessingComponent.cs using Guid(ef3277e9c14f78546a1ecaab0d293b77) Importer(2089858483,0ecaa5967403d082aa24f35e1b516d23)  -> (artifact id: 'a746802bdd9c76762bbe467530214f62') in 0.012740 seconds
Number of updated asset objects reloaded before import = 0
Number of asset objects unloaded after import = 1
========================================================================
Received Import Request.
  Time since last request: 0.000026 seconds.
  path: Assets/PostProcessing/Editor Resources/Monitors/VectorscopeCompute.compute
  artifactKey: Guid(45de9ff58691e934c9810dc23de2ba50) Importer(2089858483,0ecaa5967403d082aa24f35e1b516d23)
Start importing Assets/PostProcessing/Editor Resources/Monitors/VectorscopeCompute.compute using Guid(45de9ff58691e934c9810dc23de2ba50) Importer(2089858483,0ecaa5967403d082aa24f35e1b516d23)  -> (artifact id: '2515114bf5176da364a5185f289eaf5b') in 0.015232 seconds
Number of updated asset objects reloaded before import = 0
Number of asset objects unloaded after import = 1
========================================================================
Received Import Request.
  Time since last request: 0.000031 seconds.
  path: Assets/ADG_Textures/Foam Textures/foam2/foam2.mat
  artifactKey: Guid(8aa556d1e15e36c4e9b30189ac40ddc6) Importer(2089858483,0ecaa5967403d082aa24f35e1b516d23)
Start importing Assets/ADG_Textures/Foam Textures/foam2/foam2.mat using Guid(8aa556d1e15e36c4e9b30189ac40ddc6) Importer(2089858483,0ecaa5967403d082aa24f35e1b516d23)  -> (artifact id: '8dcb31649b9f57ea567725e5d10cbafb') in 0.117380 seconds
Number of updated asset objects reloaded before import = 0
Number of asset objects unloaded after import = 4
========================================================================
Received Import Request.
  Time since last request: 0.000027 seconds.
  path: Assets/ADG_Textures/Foam Textures/foam1/back-foam_Diffuse.tif
  artifactKey: Guid(f9a01fd9a405ed24089bdd7bcc83323b) Importer(2089858483,0ecaa5967403d082aa24f35e1b516d23)
Start importing Assets/ADG_Textures/Foam Textures/foam1/back-foam_Diffuse.tif using Guid(f9a01fd9a405ed24089bdd7bcc83323b) Importer(2089858483,0ecaa5967403d082aa24f35e1b516d23)  -> (artifact id: '27941230c0084032d756d0dba5696cb6') in 0.093435 seconds
Number of updated asset objects reloaded before import = 0
Number of asset objects unloaded after import = 1
========================================================================
Received Import Request.
  Time since last request: 0.000131 seconds.
  path: Assets/PostProcessing/Editor/Models/MotionBlurModelEditor.cs
  artifactKey: Guid(870806eda355b5144879155e2ba37eb6) Importer(2089858483,0ecaa5967403d082aa24f35e1b516d23)
Start importing Assets/PostProcessing/Editor/Models/MotionBlurModelEditor.cs using Guid(870806eda355b5144879155e2ba37eb6) Importer(2089858483,0ecaa5967403d082aa24f35e1b516d23)  -> (artifact id: '6929bcea973127f30582402dcca1ebf1') in 0.015651 seconds
Number of updated asset objects reloaded before import = 0
Number of asset objects unloaded after import = 1
========================================================================
Received Import Request.
  Time since last request: 0.000063 seconds.
  path: Assets/_sounds/War Song.mp3
  artifactKey: Guid(97f699644ac97b4418d9d830390c7260) Importer(2089858483,0ecaa5967403d082aa24f35e1b516d23)
Start importing Assets/_sounds/War Song.mp3 using Guid(97f699644ac97b4418d9d830390c7260) Importer(2089858483,0ecaa5967403d082aa24f35e1b516d23)  -> (artifact id: 'c2aee6d1150209a48574114e681576fa') in 1.020181 seconds
Number of updated asset objects reloaded before import = 0
Number of asset objects unloaded after import = 1
========================================================================
Received Import Request.
  Time since last request: 0.000045 seconds.
  path: Assets/PostProcessing/Resources/Bluenoise64/LDR_LLL1_8.png
  artifactKey: Guid(c55042318a938344ab23cd7f09dd0076) Importer(2089858483,0ecaa5967403d082aa24f35e1b516d23)
Start importing Assets/PostProcessing/Resources/Bluenoise64/LDR_LLL1_8.png using Guid(c55042318a938344ab23cd7f09dd0076) Importer(2089858483,0ecaa5967403d082aa24f35e1b516d23)  -> (artifact id: '659d7b2e624f701f18de8ceb78364d6d') in 0.026905 seconds
Number of updated asset objects reloaded before import = 0
Number of asset objects unloaded after import = 1
========================================================================
Received Import Request.
  Time since last request: 0.000045 seconds.
  path: Assets/PostProcessing/Resources/Shaders/ACES.cginc
  artifactKey: Guid(b8d56fc3449f426408c23c723b58d7b5) Importer(2089858483,0ecaa5967403d082aa24f35e1b516d23)
Start importing Assets/PostProcessing/Resources/Shaders/ACES.cginc using Guid(b8d56fc3449f426408c23c723b58d7b5) Importer(2089858483,0ecaa5967403d082aa24f35e1b516d23)  -> (artifact id: '787355ce8a216b8572dedac936dd9a83') in 0.014296 seconds
Number of updated asset objects reloaded before import = 0
Number of asset objects unloaded after import = 1
========================================================================
Received Import Request.
  Time since last request: 0.000099 seconds.
  path: Assets/PostProcessing/Runtime/Components/GrainComponent.cs
  artifactKey: Guid(6ff793ec42153c34799eed059982bac3) Importer(2089858483,0ecaa5967403d082aa24f35e1b516d23)
Start importing Assets/PostProcessing/Runtime/Components/GrainComponent.cs using Guid(6ff793ec42153c34799eed059982bac3) Importer(2089858483,0ecaa5967403d082aa24f35e1b516d23)  -> (artifact id: 'e765ce02ff5a445422d7144afbf019bd') in 0.013986 seconds
Number of updated asset objects reloaded before import = 0
Number of asset objects unloaded after import = 1
========================================================================
Received Import Request.
  Time since last request: 0.000062 seconds.
  path: Assets/PostProcessing/Resources/Shaders/ScreenSpaceRaytrace.cginc
  artifactKey: Guid(a92d6fdbe2c35f94190497c18b88f9af) Importer(2089858483,0ecaa5967403d082aa24f35e1b516d23)
Start importing Assets/PostProcessing/Resources/Shaders/ScreenSpaceRaytrace.cginc using Guid(a92d6fdbe2c35f94190497c18b88f9af) Importer(2089858483,0ecaa5967403d082aa24f35e1b516d23)  -> (artifact id: '0de0d18e8756390dccd11cdff55921cb') in 0.012717 seconds
Number of updated asset objects reloaded before import = 0
Number of asset objects unloaded after import = 1
========================================================================
Received Import Request.
  Time since last request: 0.000103 seconds.
  path: Assets/PostProcessing/Resources/Shaders/TAA.cginc
  artifactKey: Guid(241b7a6a033e9dc4da9d2595cef7f477) Importer(2089858483,0ecaa5967403d082aa24f35e1b516d23)
Start importing Assets/PostProcessing/Resources/Shaders/TAA.cginc using Guid(241b7a6a033e9dc4da9d2595cef7f477) Importer(2089858483,0ecaa5967403d082aa24f35e1b516d23)  -> (artifact id: '2e382af2e6d1591bcc1674d325a7b7b5') in 0.013736 seconds
Number of updated asset objects reloaded before import = 0
Number of asset objects unloaded after import = 1
========================================================================
Received Import Request.
  Time since last request: 0.000118 seconds.
  path: Assets/PostProcessing/Resources/Shaders/EyeAdaptation.cginc
  artifactKey: Guid(d2f406cad28afda489b94594fb3ce0af) Importer(2089858483,0ecaa5967403d082aa24f35e1b516d23)
Start importing Assets/PostProcessing/Resources/Shaders/EyeAdaptation.cginc using Guid(d2f406cad28afda489b94594fb3ce0af) Importer(2089858483,0ecaa5967403d082aa24f35e1b516d23)  -> (artifact id: '69f8c4aecd3a79bdb5f1879f31683585') in 0.014091 seconds
Number of updated asset objects reloaded before import = 0
Number of asset objects unloaded after import = 1
========================================================================
Received Import Request.
  Time since last request: 0.000095 seconds.
  path: Assets/PostProcessing/Resources/Bluenoise64/LICENSE.txt
  artifactKey: Guid(48ffda675aa0afa4f9eec3a5d5487aeb) Importer(2089858483,0ecaa5967403d082aa24f35e1b516d23)
Start importing Assets/PostProcessing/Resources/Bluenoise64/LICENSE.txt using Guid(48ffda675aa0afa4f9eec3a5d5487aeb) Importer(2089858483,0ecaa5967403d082aa24f35e1b516d23)  -> (artifact id: '75e47d24d7ac4c0144cc0ebc380c990e') in 0.013134 seconds
Number of updated asset objects reloaded before import = 0
Number of asset objects unloaded after import = 1
========================================================================
Received Import Request.
  Time since last request: 0.000073 seconds.
  path: Assets/PostProcessing/Resources/Bluenoise64/LDR_LLL1_30.png
  artifactKey: Guid(0fa10b21877c61b4db40ba5708815f81) Importer(2089858483,0ecaa5967403d082aa24f35e1b516d23)
Start importing Assets/PostProcessing/Resources/Bluenoise64/LDR_LLL1_30.png using Guid(0fa10b21877c61b4db40ba5708815f81) Importer(2089858483,0ecaa5967403d082aa24f35e1b516d23)  -> (artifact id: '7c09165d66317465c8c7c0c35e333991') in 0.025120 seconds
Number of updated asset objects reloaded before import = 0
Number of asset objects unloaded after import = 1
========================================================================
Received Import Request.
  Time since last request: 0.000118 seconds.
  path: Assets/PostProcessing/Editor/Utils/ReflectionUtils.cs
  artifactKey: Guid(71f7e805a7fc35046afbcf5c2639d116) Importer(2089858483,0ecaa5967403d082aa24f35e1b516d23)
Start importing Assets/PostProcessing/Editor/Utils/ReflectionUtils.cs using Guid(71f7e805a7fc35046afbcf5c2639d116) Importer(2089858483,0ecaa5967403d082aa24f35e1b516d23)  -> (artifact id: 'b44102689ece2f673eca89467605d4c1') in 0.015745 seconds
Number of updated asset objects reloaded before import = 0
Number of asset objects unloaded after import = 1
========================================================================
Received Import Request.
  Time since last request: 0.000031 seconds.
  path: Assets/PostProcessing/Editor/PostProcessingMonitor.cs
  artifactKey: Guid(801186e9e649457469bcddd8ee391c71) Importer(2089858483,0ecaa5967403d082aa24f35e1b516d23)
Start importing Assets/PostProcessing/Editor/PostProcessingMonitor.cs using Guid(801186e9e649457469bcddd8ee391c71) Importer(2089858483,0ecaa5967403d082aa24f35e1b516d23)  -> (artifact id: 'cab32e4e1cb82c914bf226881b91da0e') in 0.015326 seconds
Number of updated asset objects reloaded before import = 0
Number of asset objects unloaded after import = 1
========================================================================
Received Import Request.
  Time since last request: 0.000028 seconds.
  path: Assets/PostProcessing/Resources/Shaders/TAA.shader
  artifactKey: Guid(ec6c5af987867f54aa08fba81ee279bd) Importer(2089858483,0ecaa5967403d082aa24f35e1b516d23)
Start importing Assets/PostProcessing/Resources/Shaders/TAA.shader using Guid(ec6c5af987867f54aa08fba81ee279bd) Importer(2089858483,0ecaa5967403d082aa24f35e1b516d23)  -> (artifact id: '8286250a7b3a1b57c9f788da63e4a52c') in 0.017973 seconds
Number of updated asset objects reloaded before import = 0
Number of asset objects unloaded after import = 1
========================================================================
Received Import Request.
  Time since last request: 0.000085 seconds.
  path: Assets/PostProcessing/Resources/Shaders/FXAA3.cginc
  artifactKey: Guid(613b4036a9f55c34fb054bde02455e46) Importer(2089858483,0ecaa5967403d082aa24f35e1b516d23)
Start importing Assets/PostProcessing/Resources/Shaders/FXAA3.cginc using Guid(613b4036a9f55c34fb054bde02455e46) Importer(2089858483,0ecaa5967403d082aa24f35e1b516d23)  -> (artifact id: '2624353a533d6bf552a324438640d751') in 0.014859 seconds
Number of updated asset objects reloaded before import = 0
Number of asset objects unloaded after import = 1
========================================================================
Received Import Request.
  Time since last request: 0.000151 seconds.
  path: Assets/PostProcessing/Resources/Bluenoise64/LDR_LLL1_1.png
  artifactKey: Guid(3c2f1fb7e4b66e74191b7c328ada52d9) Importer(2089858483,0ecaa5967403d082aa24f35e1b516d23)
Start importing Assets/PostProcessing/Resources/Bluenoise64/LDR_LLL1_1.png using Guid(3c2f1fb7e4b66e74191b7c328ada52d9) Importer(2089858483,0ecaa5967403d082aa24f35e1b516d23)  -> (artifact id: '093908522297658d17cbe7c4822fa162') in 0.027318 seconds
Number of updated asset objects reloaded before import = 0
Number of asset objects unloaded after import = 1
========================================================================
Received Import Request.
  Time since last request: 0.000046 seconds.
  path: Assets/PostProcessing/Resources/Shaders/Common.cginc
  artifactKey: Guid(eb88496804341c648b32a75843d92ccb) Importer(2089858483,0ecaa5967403d082aa24f35e1b516d23)
Start importing Assets/PostProcessing/Resources/Shaders/Common.cginc using Guid(eb88496804341c648b32a75843d92ccb) Importer(2089858483,0ecaa5967403d082aa24f35e1b516d23)  -> (artifact id: '63aad1b12f66ff442c36cd47a23075b8') in 0.013560 seconds
Number of updated asset objects reloaded before import = 0
Number of asset objects unloaded after import = 1
========================================================================
Received Import Request.
  Time since last request: 0.000030 seconds.
  path: Assets/_Camera/CameraFollow.cs
  artifactKey: Guid(4dc252e1622421943ba97226abf4ba00) Importer(2089858483,0ecaa5967403d082aa24f35e1b516d23)
Start importing Assets/_Camera/CameraFollow.cs using Guid(4dc252e1622421943ba97226abf4ba00) Importer(2089858483,0ecaa5967403d082aa24f35e1b516d23)  -> (artifact id: '892df0c40e2672bedb67842ca2a75f63') in 0.014064 seconds
Number of updated asset objects reloaded before import = 0
Number of asset objects unloaded after import = 1
========================================================================
Received Import Request.
  Time since last request: 0.000027 seconds.
  path: Assets/ADG_Textures/Foam Textures/foam1/back-foam_Height.tga
  artifactKey: Guid(eeb96400f7c3dff48acd739db2a48779) Importer(2089858483,0ecaa5967403d082aa24f35e1b516d23)
Start importing Assets/ADG_Textures/Foam Textures/foam1/back-foam_Height.tga using Guid(eeb96400f7c3dff48acd739db2a48779) Importer(2089858483,0ecaa5967403d082aa24f35e1b516d23)  -> (artifact id: '84a48a450d12563c6f4c972cfc169530') in 0.032014 seconds
Number of updated asset objects reloaded before import = 0
Number of asset objects unloaded after import = 1
========================================================================
Received Import Request.
  Time since last request: 0.000024 seconds.
  path: Assets/_Ships/Patrol.cs
  artifactKey: Guid(040df695e4ccb434f95bdfd8d670a664) Importer(2089858483,0ecaa5967403d082aa24f35e1b516d23)
Start importing Assets/_Ships/Patrol.cs using Guid(040df695e4ccb434f95bdfd8d670a664) Importer(2089858483,0ecaa5967403d082aa24f35e1b516d23)  -> (artifact id: 'e608b2329c4c1d7bc59248276b2a7622') in 0.015036 seconds
Number of updated asset objects reloaded before import = 0
Number of asset objects unloaded after import = 1
========================================================================
Received Import Request.
  Time since last request: 0.000184 seconds.
  path: Assets/PostProcessing/Resources/Bluenoise64/LDR_LLL1_23.png
  artifactKey: Guid(bfe953600e8fb1849a804ee08ace7b4c) Importer(2089858483,0ecaa5967403d082aa24f35e1b516d23)
Start importing Assets/PostProcessing/Resources/Bluenoise64/LDR_LLL1_23.png using Guid(bfe953600e8fb1849a804ee08ace7b4c) Importer(2089858483,0ecaa5967403d082aa24f35e1b516d23)  -> (artifact id: '71cd298462d65b5f9b1ffb91335b41ec') in 0.028619 seconds
Number of updated asset objects reloaded before import = 0
Number of asset objects unloaded after import = 1
========================================================================
Received Import Request.
  Time since last request: 0.000087 seconds.
  path: Assets/PostProcessing/Resources/Bluenoise64/LDR_LLL1_46.png
  artifactKey: Guid(8ecbbcae4cc747a4abbc4adce795d25e) Importer(2089858483,0ecaa5967403d082aa24f35e1b516d23)
Start importing Assets/PostProcessing/Resources/Bluenoise64/LDR_LLL1_46.png using Guid(8ecbbcae4cc747a4abbc4adce795d25e) Importer(2089858483,0ecaa5967403d082aa24f35e1b516d23)  -> (artifact id: '71b1a84f0704ad9792aeab7322f195fe') in 0.030013 seconds
Number of updated asset objects reloaded before import = 0
Number of asset objects unloaded after import = 1
========================================================================
Received Import Request.
  Time since last request: 0.000068 seconds.
  path: Assets/PostProcessing/Resources/Bluenoise64/LDR_LLL1_48.png
  artifactKey: Guid(aff59c63d25d43f4c938f248837c30fb) Importer(2089858483,0ecaa5967403d082aa24f35e1b516d23)
Start importing Assets/PostProcessing/Resources/Bluenoise64/LDR_LLL1_48.png using Guid(aff59c63d25d43f4c938f248837c30fb) Importer(2089858483,0ecaa5967403d082aa24f35e1b516d23)  -> (artifact id: '4072a0357cc694a32296186f0a8340c9') in 0.032084 seconds
Number of updated asset objects reloaded before import = 0
Number of asset objects unloaded after import = 1
========================================================================
Received Import Request.
  Time since last request: 0.000083 seconds.
  path: Assets/PostProcessing/Resources/Bluenoise64/LDR_LLL1_19.png
  artifactKey: Guid(729a3ae164bcb3b4380459386adcf331) Importer(2089858483,0ecaa5967403d082aa24f35e1b516d23)
Start importing Assets/PostProcessing/Resources/Bluenoise64/LDR_LLL1_19.png using Guid(729a3ae164bcb3b4380459386adcf331) Importer(2089858483,0ecaa5967403d082aa24f35e1b516d23)  -> (artifact id: '33e607aa4d22f47f6ac3443f0a18e4cd') in 0.028778 seconds
Number of updated asset objects reloaded before import = 0
Number of asset objects unloaded after import = 1
========================================================================
Received Import Request.
  Time since last request: 0.000029 seconds.
  path: Assets/Standard Assets/CrossPlatformInput/Sprites/ButtonAcceleratorUpSprite.png
  artifactKey: Guid(f588d850485d0ae479d73cf3bd0b7b00) Importer(2089858483,0ecaa5967403d082aa24f35e1b516d23)
Start importing Assets/Standard Assets/CrossPlatformInput/Sprites/ButtonAcceleratorUpSprite.png using Guid(f588d850485d0ae479d73cf3bd0b7b00) Importer(2089858483,0ecaa5967403d082aa24f35e1b516d23)  -> (artifact id: '92f566fa09ac56de8ea3639ce677a311') in 0.038332 seconds
Number of updated asset objects reloaded before import = 0
Number of asset objects unloaded after import = 3
========================================================================
Received Import Request.
  Time since last request: 0.000034 seconds.
  path: Assets/PostProcessing/Utilities/CustomMotionTexture/Materials/WheelMotionVectors.mat
  artifactKey: Guid(055f7217f136349d9b68e82b9e987dae) Importer(2089858483,0ecaa5967403d082aa24f35e1b516d23)
Start importing Assets/PostProcessing/Utilities/CustomMotionTexture/Materials/WheelMotionVectors.mat using Guid(055f7217f136349d9b68e82b9e987dae) Importer(2089858483,0ecaa5967403d082aa24f35e1b516d23)  -> (artifact id: '9370c312cd869ec78b2b552c1ca483c0') in 0.017274 seconds
Number of updated asset objects reloaded before import = 0
Number of asset objects unloaded after import = 2
========================================================================
Received Import Request.
  Time since last request: 0.000035 seconds.
  path: Assets/_Ships/AI Ship/Battleship/Battleship.prefab
  artifactKey: Guid(de617502fed059a44b098c162b071d63) Importer(2089858483,0ecaa5967403d082aa24f35e1b516d23)
Start importing Assets/_Ships/AI Ship/Battleship/Battleship.prefab using Guid(de617502fed059a44b098c162b071d63) Importer(2089858483,0ecaa5967403d082aa24f35e1b516d23)  -> (artifact id: 'c6a87d424b57d30430df15f2d370d5c4') in 0.137461 seconds
Number of updated asset objects reloaded before import = 0
Number of asset objects unloaded after import = 137
========================================================================
Received Import Request.
  Time since last request: 0.000021 seconds.
  path: Assets/Standard Assets/CrossPlatformInput/Prefabs/DualTouchControls.prefab
  artifactKey: Guid(2169821f0567671499a5c10104c69c24) Importer(2089858483,0ecaa5967403d082aa24f35e1b516d23)
Start importing Assets/Standard Assets/CrossPlatformInput/Prefabs/DualTouchControls.prefab using Guid(2169821f0567671499a5c10104c69c24) Importer(2089858483,0ecaa5967403d082aa24f35e1b516d23)  -> (artifact id: 'e659405b07369210cd480b7e2d480eed') in 0.045713 seconds
Number of updated asset objects reloaded before import = 0
Number of asset objects unloaded after import = 41
========================================================================
Received Import Request.
  Time since last request: 0.000021 seconds.
  path: Assets/PostProcessing/Textures/LUTs/NeutralLUT_16.png
  artifactKey: Guid(e45483e270a314c4bbc6e317771d56ab) Importer(2089858483,0ecaa5967403d082aa24f35e1b516d23)
Start importing Assets/PostProcessing/Textures/LUTs/NeutralLUT_16.png using Guid(e45483e270a314c4bbc6e317771d56ab) Importer(2089858483,0ecaa5967403d082aa24f35e1b516d23)  -> (artifact id: 'd5417ebfe7a5d9ca45fa258f55335aa4') in 0.024601 seconds
Number of updated asset objects reloaded before import = 0
Number of asset objects unloaded after import = 1
========================================================================
Received Import Request.
  Time since last request: 0.000025 seconds.
  path: Assets/Standard Assets/CrossPlatformInput/Sprites/ButtonThumbstickOverSprite.png
  artifactKey: Guid(5485e2f56028a3c4cb54f5caa167377e) Importer(2089858483,0ecaa5967403d082aa24f35e1b516d23)
Start importing Assets/Standard Assets/CrossPlatformInput/Sprites/ButtonThumbstickOverSprite.png using Guid(5485e2f56028a3c4cb54f5caa167377e) Importer(2089858483,0ecaa5967403d082aa24f35e1b516d23)  -> (artifact id: '7e114e3fa4f89f233f2b8517e213ae8e') in 0.031011 seconds
Number of updated asset objects reloaded before import = 0
Number of asset objects unloaded after import = 3
========================================================================
Received Import Request.
  Time since last request: 0.000039 seconds.
  path: Assets/PostProcessing/Runtime/Models/EyeAdaptationModel.cs
  artifactKey: Guid(edf6d216ca4b60942a0c533c14f26d53) Importer(2089858483,0ecaa5967403d082aa24f35e1b516d23)
Start importing Assets/PostProcessing/Runtime/Models/EyeAdaptationModel.cs using Guid(edf6d216ca4b60942a0c533c14f26d53) Importer(2089858483,0ecaa5967403d082aa24f35e1b516d23)  -> (artifact id: '8de08ddb4e2d165e12de30062bc689b0') in 0.014982 seconds
Number of updated asset objects reloaded before import = 0
Number of asset objects unloaded after import = 1
========================================================================
Received Import Request.
  Time since last request: 0.000026 seconds.
  path: Assets/Standard Assets/CrossPlatformInput/Scripts/Joystick.cs
  artifactKey: Guid(00c3c865782347f41b6358d9fba14b48) Importer(2089858483,0ecaa5967403d082aa24f35e1b516d23)
Start importing Assets/Standard Assets/CrossPlatformInput/Scripts/Joystick.cs using Guid(00c3c865782347f41b6358d9fba14b48) Importer(2089858483,0ecaa5967403d082aa24f35e1b516d23)  -> (artifact id: '58cac011129a4d3ab73fc1607b37f9c7') in 0.015015 seconds
Number of updated asset objects reloaded before import = 0
Number of asset objects unloaded after import = 1
========================================================================
Received Import Request.
  Time since last request: 0.000026 seconds.
  path: Assets/PostProcessing/Textures/Lens Dirt/LensDirt02.png
  artifactKey: Guid(a2960ffde020f27409e070d92fb2e00b) Importer(2089858483,0ecaa5967403d082aa24f35e1b516d23)
Start importing Assets/PostProcessing/Textures/Lens Dirt/LensDirt02.png using Guid(a2960ffde020f27409e070d92fb2e00b) Importer(2089858483,0ecaa5967403d082aa24f35e1b516d23)  -> (artifact id: '752caa1bb0c95626e0959983c021a906') in 0.036660 seconds
Number of updated asset objects reloaded before import = 0
Number of asset objects unloaded after import = 1
========================================================================
Received Import Request.
  Time since last request: 0.000021 seconds.
  path: Assets/PostProcessing/Textures/Spectral LUTs/SpectralLut_BlueRed.tga
  artifactKey: Guid(318cbcd94840f1d48aca4d86234dc2e7) Importer(2089858483,0ecaa5967403d082aa24f35e1b516d23)
Start importing Assets/PostProcessing/Textures/Spectral LUTs/SpectralLut_BlueRed.tga using Guid(318cbcd94840f1d48aca4d86234dc2e7) Importer(2089858483,0ecaa5967403d082aa24f35e1b516d23)  -> (artifact id: '60aa5c30fc1dc16f791af1f264d4b582') in 0.028863 seconds
Number of updated asset objects reloaded before import = 0
Number of asset objects unloaded after import = 1
========================================================================
Received Import Request.
  Time since last request: 0.000203 seconds.
  path: Assets/Standard Assets/CrossPlatformInput/Scripts/MobileControlRig.cs
  artifactKey: Guid(71398ce7fbc3a5b4fa50b50bd54317a7) Importer(2089858483,0ecaa5967403d082aa24f35e1b516d23)
Start importing Assets/Standard Assets/CrossPlatformInput/Scripts/MobileControlRig.cs using Guid(71398ce7fbc3a5b4fa50b50bd54317a7) Importer(2089858483,0ecaa5967403d082aa24f35e1b516d23)  -> (artifact id: '82aebee5ef2050a4523c9f58fd34f7e9') in 0.018920 seconds
Number of updated asset objects reloaded before import = 0
Number of asset objects unloaded after import = 1
========================================================================
Received Import Request.
  Time since last request: 0.000022 seconds.
  path: Assets/Standard Assets/CrossPlatformInput/Scripts/PlatformSpecific/MobileInput.cs
  artifactKey: Guid(9703d53e47195aa4190acd11369ccd1b) Importer(2089858483,0ecaa5967403d082aa24f35e1b516d23)
Start importing Assets/Standard Assets/CrossPlatformInput/Scripts/PlatformSpecific/MobileInput.cs using Guid(9703d53e47195aa4190acd11369ccd1b) Importer(2089858483,0ecaa5967403d082aa24f35e1b516d23)  -> (artifact id: 'abb36b562e5693a338db57d711fe75e5') in 0.014677 seconds
Number of updated asset objects reloaded before import = 0
Number of asset objects unloaded after import = 1
========================================================================
Received Import Request.
  Time since last request: 0.000028 seconds.
  path: Assets/PostProcessing/Textures/LUTs/NeutralLUT_32.png
  artifactKey: Guid(4f98e9c96c8a48541b5eb704e92d99b8) Importer(2089858483,0ecaa5967403d082aa24f35e1b516d23)
Start importing Assets/PostProcessing/Textures/LUTs/NeutralLUT_32.png using Guid(4f98e9c96c8a48541b5eb704e92d99b8) Importer(2089858483,0ecaa5967403d082aa24f35e1b516d23)  -> (artifact id: '35747042918ffb2956559fd29bf68daf') in 0.028498 seconds
Number of updated asset objects reloaded before import = 0
Number of asset objects unloaded after import = 1
========================================================================
Received Import Request.
  Time since last request: 0.000028 seconds.
  path: Assets/_Ships/AI Ship/Materials/Man.mat
  artifactKey: Guid(14f528e2963999e45917cb287b7410ba) Importer(2089858483,0ecaa5967403d082aa24f35e1b516d23)
Start importing Assets/_Ships/AI Ship/Materials/Man.mat using Guid(14f528e2963999e45917cb287b7410ba) Importer(2089858483,0ecaa5967403d082aa24f35e1b516d23)  -> (artifact id: 'c8b2615367f0194360d5c92052c10485') in 0.016274 seconds
Number of updated asset objects reloaded before import = 0
Number of asset objects unloaded after import = 1
========================================================================
Received Import Request.
  Time since last request: 0.000030 seconds.
  path: Assets/Standard Assets/CrossPlatformInput/Prefabs/MobileTiltControlRig.prefab
  artifactKey: Guid(999388b68bb99b44099461bfbed94358) Importer(2089858483,0ecaa5967403d082aa24f35e1b516d23)
Start importing Assets/Standard Assets/CrossPlatformInput/Prefabs/MobileTiltControlRig.prefab using Guid(999388b68bb99b44099461bfbed94358) Importer(2089858483,0ecaa5967403d082aa24f35e1b516d23)  -> (artifact id: '1e7227ed61f551766991b2a482c57d5f') in 0.018136 seconds
Number of updated asset objects reloaded before import = 0
Number of asset objects unloaded after import = 11
========================================================================
Received Import Request.
  Time since last request: 0.000030 seconds.
  path: Assets/Standard Assets/Environment/Water/Water4/Textures/SimpleFoam.png
  artifactKey: Guid(36dd0b22da8874ed38075789055ca664) Importer(2089858483,0ecaa5967403d082aa24f35e1b516d23)
Start importing Assets/Standard Assets/Environment/Water/Water4/Textures/SimpleFoam.png using Guid(36dd0b22da8874ed38075789055ca664) Importer(2089858483,0ecaa5967403d082aa24f35e1b516d23)  -> (artifact id: '3c0c126552e292fe8c14b53b0c98c889') in 0.027364 seconds
Number of updated asset objects reloaded before import = 0
Number of asset objects unloaded after import = 1
========================================================================
Received Import Request.
  Time since last request: 0.000060 seconds.
  path: Assets/Standard Assets/Environment/Water (Basic)/Shaders/FXWaterBasic.shader
  artifactKey: Guid(9dccc8e8f0da4494991c26ef59019551) Importer(2089858483,0ecaa5967403d082aa24f35e1b516d23)
Start importing Assets/Standard Assets/Environment/Water (Basic)/Shaders/FXWaterBasic.shader using Guid(9dccc8e8f0da4494991c26ef59019551) Importer(2089858483,0ecaa5967403d082aa24f35e1b516d23)  -> (artifact id: '924989d33357e3af436c92f64bece1cd') in 0.015551 seconds
Number of updated asset objects reloaded before import = 0
Number of asset objects unloaded after import = 1
========================================================================
Received Import Request.
  Time since last request: 0.000036 seconds.
  path: Assets/Standard Assets/Environment/Water (Basic)/Textures/WaterBasicNormals.jpg
  artifactKey: Guid(a53cf5449d11a15d1100a04b44295342) Importer(2089858483,0ecaa5967403d082aa24f35e1b516d23)
Start importing Assets/Standard Assets/Environment/Water (Basic)/Textures/WaterBasicNormals.jpg using Guid(a53cf5449d11a15d1100a04b44295342) Importer(2089858483,0ecaa5967403d082aa24f35e1b516d23)  -> (artifact id: '944ec72839dc9e28b2987922e3c20e5d') in 0.027311 seconds
Number of updated asset objects reloaded before import = 0
Number of asset objects unloaded after import = 1
========================================================================
Received Import Request.
  Time since last request: 0.000026 seconds.
  path: Assets/Standard Assets/Environment/Water/Water/Scripts/MeshContainer.cs
  artifactKey: Guid(951d74f7d57bed84cb623c62436bd064) Importer(2089858483,0ecaa5967403d082aa24f35e1b516d23)
Start importing Assets/Standard Assets/Environment/Water/Water/Scripts/MeshContainer.cs using Guid(951d74f7d57bed84cb623c62436bd064) Importer(2089858483,0ecaa5967403d082aa24f35e1b516d23)  -> (artifact id: '829aff8fba722421d0a979ef7f305bca') in 0.017648 seconds
Number of updated asset objects reloaded before import = 0
Number of asset objects unloaded after import = 1
========================================================================
Received Import Request.
  Time since last request: 0.000019 seconds.
  path: Assets/Standard Assets/Environment/Water/Water/Scripts/Displace.cs
  artifactKey: Guid(c62b7d87755b447919138e67f8e22e0c) Importer(2089858483,0ecaa5967403d082aa24f35e1b516d23)
Start importing Assets/Standard Assets/Environment/Water/Water/Scripts/Displace.cs using Guid(c62b7d87755b447919138e67f8e22e0c) Importer(2089858483,0ecaa5967403d082aa24f35e1b516d23)  -> (artifact id: '3c815e869c10297fd67de07b5be51bfd') in 0.014164 seconds
Number of updated asset objects reloaded before import = 0
Number of asset objects unloaded after import = 1
========================================================================
Received Import Request.
  Time since last request: 0.000026 seconds.
  path: Assets/Standard Assets/Environment/Water/Water/Materials/WaterProNighttime.mat
  artifactKey: Guid(e633a20421c47426aa04444234225b69) Importer(2089858483,0ecaa5967403d082aa24f35e1b516d23)
Start importing Assets/Standard Assets/Environment/Water/Water/Materials/WaterProNighttime.mat using Guid(e633a20421c47426aa04444234225b69) Importer(2089858483,0ecaa5967403d082aa24f35e1b516d23)  -> (artifact id: 'dd905731fb6e6fd05a9772160597d7b9') in 0.020805 seconds
Number of updated asset objects reloaded before import = 0
Number of asset objects unloaded after import = 4
========================================================================
Received Import Request.
  Time since last request: 0.000025 seconds.
  path: Assets/Standard Assets/Environment/Water/Water/Scripts/PlanarReflection.cs
  artifactKey: Guid(4185bc77c7194462ca3b1097ef4a5de0) Importer(2089858483,0ecaa5967403d082aa24f35e1b516d23)
Start importing Assets/Standard Assets/Environment/Water/Water/Scripts/PlanarReflection.cs using Guid(4185bc77c7194462ca3b1097ef4a5de0) Importer(2089858483,0ecaa5967403d082aa24f35e1b516d23)  -> (artifact id: '7fa665ed691330ce5335fa23029493a3') in 0.017711 seconds
Number of updated asset objects reloaded before import = 0
Number of asset objects unloaded after import = 1
========================================================================
Received Import Request.
  Time since last request: 0.000027 seconds.
  path: Assets/Standard Assets/Environment/Water/Water/Textures/WaterBump.jpg
  artifactKey: Guid(2dd3788f8589b40bf82a92d76ffc5091) Importer(2089858483,0ecaa5967403d082aa24f35e1b516d23)
Start importing Assets/Standard Assets/Environment/Water/Water/Textures/WaterBump.jpg using Guid(2dd3788f8589b40bf82a92d76ffc5091) Importer(2089858483,0ecaa5967403d082aa24f35e1b516d23)  -> (artifact id: '9e4bd8fb344314d6064f19bd469815b2') in 0.024968 seconds
Number of updated asset objects reloaded before import = 0
Number of asset objects unloaded after import = 1
========================================================================
Received Import Request.
  Time since last request: 0.000019 seconds.
  path: Assets/Standard Assets/Environment/Water/Water4/Materials/OceanPlaneMaterial.mat
  artifactKey: Guid(a437a9b380909fa4d98f929428f70388) Importer(2089858483,0ecaa5967403d082aa24f35e1b516d23)
Start importing Assets/Standard Assets/Environment/Water/Water4/Materials/OceanPlaneMaterial.mat using Guid(a437a9b380909fa4d98f929428f70388) Importer(2089858483,0ecaa5967403d082aa24f35e1b516d23)  -> (artifact id: 'c004df7c476f820447332fffc31124c4') in 0.057681 seconds
Number of updated asset objects reloaded before import = 0
Number of asset objects unloaded after import = 1
========================================================================
Received Import Request.
  Time since last request: 0.000027 seconds.
  path: Assets/Standard Assets/CrossPlatformInput/Scripts/InputAxisScrollbar.cs
  artifactKey: Guid(7d3269566d48b8447bb48d2259e28f8b) Importer(2089858483,0ecaa5967403d082aa24f35e1b516d23)
Start importing Assets/Standard Assets/CrossPlatformInput/Scripts/InputAxisScrollbar.cs using Guid(7d3269566d48b8447bb48d2259e28f8b) Importer(2089858483,0ecaa5967403d082aa24f35e1b516d23)  -> (artifact id: '60fd20fe239ae8e44014c4c61fbb3fbc') in 0.016064 seconds
Number of updated asset objects reloaded before import = 0
Number of asset objects unloaded after import = 1
========================================================================
Received Import Request.
  Time since last request: 0.000029 seconds.
  path: Assets/Standard Assets/Environment/Water/Water/Prefabs/WaterProNighttime.prefab
  artifactKey: Guid(bcae914220acd4907840a029bb9d9aec) Importer(2089858483,0ecaa5967403d082aa24f35e1b516d23)
Start importing Assets/Standard Assets/Environment/Water/Water/Prefabs/WaterProNighttime.prefab using Guid(bcae914220acd4907840a029bb9d9aec) Importer(2089858483,0ecaa5967403d082aa24f35e1b516d23)  -> (artifact id: '260b685ae86a910eb90cdf7b39d89ab0') in 0.029205 seconds
Number of updated asset objects reloaded before import = 0
Number of asset objects unloaded after import = 8
========================================================================
Received Import Request.
  Time since last request: 0.000038 seconds.
  path: Assets/Standard Assets/Environment/Water/Water/Scripts/WaterTile.cs
  artifactKey: Guid(2a91e8dd37cdd41efb4859b65aced7a2) Importer(2089858483,0ecaa5967403d082aa24f35e1b516d23)
Start importing Assets/Standard Assets/Environment/Water/Water/Scripts/WaterTile.cs using Guid(2a91e8dd37cdd41efb4859b65aced7a2) Importer(2089858483,0ecaa5967403d082aa24f35e1b516d23)  -> (artifact id: '9758a8fe15ece1cc2bf870a6947a4f79') in 0.016345 seconds
Number of updated asset objects reloaded before import = 0
Number of asset objects unloaded after import = 1
========================================================================
Received Import Request.
  Time since last request: 0.000027 seconds.
  path: Assets/PostProcessing/Utilities/CustomMotionTexture/Textures/DebugMotionVectors.png
  artifactKey: Guid(3aac3087967ea4fae858ec0494fd24d9) Importer(2089858483,0ecaa5967403d082aa24f35e1b516d23)
Start importing Assets/PostProcessing/Utilities/CustomMotionTexture/Textures/DebugMotionVectors.png using Guid(3aac3087967ea4fae858ec0494fd24d9) Importer(2089858483,0ecaa5967403d082aa24f35e1b516d23)  -> (artifact id: 'cc53082e59d11dd07e17d16995ac64e2') in 0.027036 seconds
Number of updated asset objects reloaded before import = 0
Number of asset objects unloaded after import = 1
========================================================================
Received Import Request.
  Time since last request: 0.000051 seconds.
  path: Assets/Standard Assets/CrossPlatformInput/Scripts/VirtualInput.cs
  artifactKey: Guid(0f57aeb1b8dce3342bea5c28ac17db24) Importer(2089858483,0ecaa5967403d082aa24f35e1b516d23)
Start importing Assets/Standard Assets/CrossPlatformInput/Scripts/VirtualInput.cs using Guid(0f57aeb1b8dce3342bea5c28ac17db24) Importer(2089858483,0ecaa5967403d082aa24f35e1b516d23)  -> (artifact id: '2ed95054190410c29e630dbfe95ca929') in 0.015843 seconds
Number of updated asset objects reloaded before import = 0
Number of asset objects unloaded after import = 1
========================================================================
Received Import Request.
  Time since last request: 0.000074 seconds.
  path: Assets/ADG_Textures/Foam Textures/foam1/back-foam_Diffuse.tif
  artifactKey: Guid(f9a01fd9a405ed24089bdd7bcc83323b) Importer(815301076,1909f56bfc062723c751e8b465ee728b)
Start importing Assets/ADG_Textures/Foam Textures/foam1/back-foam_Diffuse.tif using Guid(f9a01fd9a405ed24089bdd7bcc83323b) Importer(815301076,1909f56bfc062723c751e8b465ee728b)  -> (artifact id: 'da34209d6043ebba99ddf61d54891161') in 0.070186 seconds
Number of updated asset objects reloaded before import = 0
Number of asset objects unloaded after import = 2
========================================================================
Received Prepare
Refreshing native plugins compatible for Editor in 15.47 ms, found 2 plugins.
Preloading 0 native plugins for Editor in 0.00 ms.
Unloading 4 Unused Serialized files (Serialized files now loaded: 0)
Unloading 6 unused Assets / (297.5 KB). Loaded Objects now: 3104.
Memory consumption went from 71.9 MB to 71.6 MB.
Total: 8.803800 ms (FindLiveObjects: 0.217800 ms CreateObjectMapping: 0.101800 ms MarkObjects: 8.305000 ms  DeleteObjects: 0.177100 ms)

Prepare: number of updated asset objects reloaded= 0
AssetImportParameters requested are different than current active one (requested -> active):
  custom:video-decoder-webm-vp8: 9c59270c3fd7afecdb556c50c9e8de78 -> 
  custom:SearchIndexIgnoredProperties: e643bd26f0fe6173181afceb89e7c659 -> 
  custom:container-demuxer-ogg: 62fdf1f143b41e24485cea50d1cbac27 -> 
  custom:AudioImporter_EditorPlatform: d09bf68614088b80899f8185d706f6e7 -> 
  custom:video-codec-MediaFoundation-h265: 746d11721c4dcdbdad8f713fa42b33f4 -> 
  custom:video-decoder-ogg-theora: a1e56fd34408186e4bbccfd4996cb3dc -> 
  custom:framework-win-MediaFoundation: 216162199b28c13a410421893ffa2e32 -> 
  custom:video-encoder-webm-vp8: eb34c28f22e8b96e1ab97ce403110664 -> 
  custom:audio-decoder-ogg-vorbis: bf7c407c2cedff20999df2af8eb42d56 -> 
  custom:CustomObjectIndexerAttribute: 9a22284fe3817be447336de3de66b15e -> 
  custom:container-demuxer-webm: 4f35f7cbe854078d1ac9338744f61a02 -> 
  custom:audio-encoder-webm-vorbis: bf7c407c2cedff20999df2af8eb42d56 -> 
  custom:container-muxer-webm: aa71ff27fc2769a1b78a27578f13a17b -> 
